#
# There is insufficient memory for the Java Runtime Environment to continue.
# Native memory allocation (malloc) failed to allocate 1450896 bytes for Chunk::new
# Possible reasons:
#   The system is out of physical RAM or swap space
#   The process is running with CompressedOops enabled, and the Java Heap may be blocking the growth of the native heap
# Possible solutions:
#   Reduce memory load on the system
#   Increase physical memory or swap space
#   Check if swap backing store is full
#   Decrease Java heap size (-Xmx/-Xms)
#   Decrease number of Java threads
#   Decrease Java thread stack sizes (-Xss)
#   Set larger code cache with -XX:ReservedCodeCacheSize=
#   JVM is running with Zero Based Compressed Oops mode in which the Java heap is
#     placed in the first 32GB address space. The Java Heap base address is the
#     maximum limit for the native heap growth. Please use -XX:HeapBaseMinAddress
#     to set the Java Heap base and to place the Java Heap above 32GB virtual address.
# This output file may be truncated or incomplete.
#
#  Out of Memory Error (arena.cpp:184), pid=16308, tid=12744
#
# JRE version: OpenJDK Runtime Environment Corretto-18.0.2.9.1 (18.0.2+9) (build 18.0.2+9-FR)
# Java VM: OpenJDK 64-Bit Server VM Corretto-18.0.2.9.1 (18.0.2+9-FR, mixed mode, sharing, tiered, compressed oops, compressed class ptrs, g1 gc, windows-amd64)
# No core dump will be written. Minidumps are not enabled by default on client versions of Windows
#

---------------  S U M M A R Y ------------

Command Line: -javaagent:C:\Program Files\JetBrains\IntelliJ IDEA Community Edition 2023.3.4\lib\idea_rt.jar=62803:C:\Program Files\JetBrains\IntelliJ IDEA Community Edition 2023.3.4\bin -Dfile.encoding=UTF-8 -Dsun.stdout.encoding=UTF-8 -Dsun.stderr.encoding=UTF-8 com.theme.starterkit.StarterkitApplication

Host: 11th Gen Intel(R) Core(TM) i5-11400H @ 2.70GHz, 12 cores, 15G,  Windows 11 , 64 bit Build 22621 (10.0.22621.4830)
Time: Wed Mar  5 00:46:05 2025 SE Asia Standard Time elapsed time: 37.995090 seconds (0d 0h 0m 37s)

---------------  T H R E A D  ---------------

Current thread (0x0000012d43e88ec0):  JavaThread "C2 CompilerThread0" daemon [_thread_in_native, id=12744, stack(0x0000002d16a00000,0x0000002d16b00000)]


Current CompileTask:
C2:  37995 15103       4       org.hibernate.engine.internal.Cascade::cascadeCollection (100 bytes)

Stack: [0x0000002d16a00000,0x0000002d16b00000]
Native frames: (J=compiled Java code, j=interpreted, Vv=VM code, C=native code)
V  [jvm.dll+0x685a2a]
V  [jvm.dll+0x82ae8d]
V  [jvm.dll+0x82c75e]
V  [jvm.dll+0x82ce03]
V  [jvm.dll+0x25ef4b]
V  [jvm.dll+0xd42d2]
V  [jvm.dll+0xd4665]
V  [jvm.dll+0x385751]
V  [jvm.dll+0x34d82a]
V  [jvm.dll+0x34cc1a]
V  [jvm.dll+0x233a65]
V  [jvm.dll+0x232f37]
V  [jvm.dll+0x1c0a35]
V  [jvm.dll+0x24212c]
V  [jvm.dll+0x240534]
V  [jvm.dll+0x7df6db]
V  [jvm.dll+0x7d9cba]
V  [jvm.dll+0x6848a5]
C  [ucrtbase.dll+0x29333]
C  [KERNEL32.DLL+0x1259d]
C  [ntdll.dll+0x5af38]


---------------  P R O C E S S  ---------------

Threads class SMR info:
_java_thread_list=0x0000012d4dfaa250, length=57, elements={
0x0000012d43e69600, 0x0000012d43e69fa0, 0x0000012d43e824f0, 0x0000012d43e82e90,
0x0000012d43e85840, 0x0000012d43e861e0, 0x0000012d43e88ec0, 0x0000012d43e94db0,
0x0000012d43e95790, 0x0000012d4819dad0, 0x0000012d48551850, 0x0000012d48551d10,
0x0000012d49592730, 0x0000012d495930d0, 0x0000012d495935a0, 0x0000012d49592260,
0x0000012d4b66e5a0, 0x0000012d4b66c3f0, 0x0000012d4b66cd90, 0x0000012d4b6732a0,
0x0000012d4b673770, 0x0000012d4b66d730, 0x0000012d4b66ef40, 0x0000012d4b673c40,
0x0000012d4b66c8c0, 0x0000012d4b66dc00, 0x0000012d4b66e0d0, 0x0000012d4b66f410,
0x0000012d4b670750, 0x0000012d4b670c20, 0x0000012d4cafbd30, 0x0000012d4cafa9f0,
0x0000012d4cafaec0, 0x0000012d4cafd540, 0x0000012d4cafc6d0, 0x0000012d4cafcba0,
0x0000012d4bc5e0a0, 0x0000012d4bc58060, 0x0000012d4bc5dbd0, 0x0000012d4bc5e570,
0x0000012d4bc58a00, 0x0000012d4bc5ba20, 0x0000012d4bc58ed0, 0x0000012d4bc5b080,
0x0000012d4bc5c890, 0x0000012d4bc5bef0, 0x0000012d4bc5ea40, 0x0000012d4bc5b550,
0x0000012d4bc5cd60, 0x0000012d4bc5a210, 0x0000012d4bc5abb0, 0x0000012d4bc5ef10,
0x0000012d4bc5f3e0, 0x0000012d4bc593a0, 0x0000012d4bc59870, 0x0000012d4a667140,
0x0000012d4a662910
}

Java Threads: ( => current thread )
  0x0000012d43e69600 JavaThread "Reference Handler" daemon [_thread_blocked, id=3252, stack(0x0000002d16400000,0x0000002d16500000)]
  0x0000012d43e69fa0 JavaThread "Finalizer" daemon [_thread_blocked, id=15732, stack(0x0000002d16500000,0x0000002d16600000)]
  0x0000012d43e824f0 JavaThread "Signal Dispatcher" daemon [_thread_blocked, id=6052, stack(0x0000002d16600000,0x0000002d16700000)]
  0x0000012d43e82e90 JavaThread "Attach Listener" daemon [_thread_blocked, id=10628, stack(0x0000002d16700000,0x0000002d16800000)]
  0x0000012d43e85840 JavaThread "Service Thread" daemon [_thread_blocked, id=13276, stack(0x0000002d16800000,0x0000002d16900000)]
  0x0000012d43e861e0 JavaThread "Monitor Deflation Thread" daemon [_thread_blocked, id=21204, stack(0x0000002d16900000,0x0000002d16a00000)]
=>0x0000012d43e88ec0 JavaThread "C2 CompilerThread0" daemon [_thread_in_native, id=12744, stack(0x0000002d16a00000,0x0000002d16b00000)]
  0x0000012d43e94db0 JavaThread "C1 CompilerThread0" daemon [_thread_blocked, id=4348, stack(0x0000002d16b00000,0x0000002d16c00000)]
  0x0000012d43e95790 JavaThread "Sweeper thread" daemon [_thread_blocked, id=13160, stack(0x0000002d16c00000,0x0000002d16d00000)]
  0x0000012d4819dad0 JavaThread "Common-Cleaner" daemon [_thread_blocked, id=4380, stack(0x0000002d16d00000,0x0000002d16e00000)]
  0x0000012d48551850 JavaThread "Monitor Ctrl-Break" daemon [_thread_in_native, id=19680, stack(0x0000002d16f00000,0x0000002d17000000)]
  0x0000012d48551d10 JavaThread "Notification Thread" daemon [_thread_blocked, id=6904, stack(0x0000002d17000000,0x0000002d17100000)]
  0x0000012d49592730 JavaThread "Catalina-utility-1" [_thread_blocked, id=18560, stack(0x0000002d18100000,0x0000002d18200000)]
  0x0000012d495930d0 JavaThread "Catalina-utility-2" [_thread_blocked, id=14112, stack(0x0000002d18200000,0x0000002d18300000)]
  0x0000012d495935a0 JavaThread "container-0" [_thread_blocked, id=17220, stack(0x0000002d18300000,0x0000002d18400000)]
  0x0000012d49592260 JavaThread "mysql-cj-abandoned-connection-cleanup" daemon [_thread_blocked, id=16792, stack(0x0000002d18400000,0x0000002d18500000)]
  0x0000012d4b66e5a0 JavaThread "HikariPool-1 housekeeper" daemon [_thread_blocked, id=2328, stack(0x0000002d18600000,0x0000002d18700000)]
  0x0000012d4b66c3f0 JavaThread "File Watcher" daemon [_thread_in_native, id=17376, stack(0x0000002d16e00000,0x0000002d16f00000)]
  0x0000012d4b66cd90 JavaThread "Live Reload Server" daemon [_thread_in_native, id=12616, stack(0x0000002d18700000,0x0000002d18800000)]
  0x0000012d4b6732a0 JavaThread "http-nio-9090-exec-1" daemon [_thread_blocked, id=17532, stack(0x0000002d18800000,0x0000002d18900000)]
  0x0000012d4b673770 JavaThread "http-nio-9090-exec-2" daemon [_thread_blocked, id=16880, stack(0x0000002d18900000,0x0000002d18a00000)]
  0x0000012d4b66d730 JavaThread "http-nio-9090-exec-3" daemon [_thread_blocked, id=8292, stack(0x0000002d18a00000,0x0000002d18b00000)]
  0x0000012d4b66ef40 JavaThread "http-nio-9090-exec-4" daemon [_thread_blocked, id=11064, stack(0x0000002d18b00000,0x0000002d18c00000)]
  0x0000012d4b673c40 JavaThread "http-nio-9090-exec-5" daemon [_thread_blocked, id=10500, stack(0x0000002d18c00000,0x0000002d18d00000)]
  0x0000012d4b66c8c0 JavaThread "http-nio-9090-exec-6" daemon [_thread_blocked, id=15672, stack(0x0000002d18d00000,0x0000002d18e00000)]
  0x0000012d4b66dc00 JavaThread "http-nio-9090-exec-7" daemon [_thread_blocked, id=10184, stack(0x0000002d18e00000,0x0000002d18f00000)]
  0x0000012d4b66e0d0 JavaThread "http-nio-9090-exec-8" daemon [_thread_blocked, id=19632, stack(0x0000002d18f00000,0x0000002d19000000)]
  0x0000012d4b66f410 JavaThread "http-nio-9090-exec-9" daemon [_thread_blocked, id=9248, stack(0x0000002d19000000,0x0000002d19100000)]
  0x0000012d4b670750 JavaThread "http-nio-9090-exec-10" daemon [_thread_blocked, id=14028, stack(0x0000002d19100000,0x0000002d19200000)]
  0x0000012d4b670c20 JavaThread "http-nio-9090-Poller" daemon [_thread_in_native, id=19360, stack(0x0000002d19200000,0x0000002d19300000)]
  0x0000012d4cafbd30 JavaThread "http-nio-9090-Acceptor" daemon [_thread_in_native, id=9412, stack(0x0000002d19300000,0x0000002d19400000)]
  0x0000012d4cafa9f0 JavaThread "scheduling-1" [_thread_blocked, id=16840, stack(0x0000002d19400000,0x0000002d19500000)]
  0x0000012d4cafaec0 JavaThread "DestroyJavaVM" [_thread_blocked, id=3424, stack(0x0000002d15d00000,0x0000002d15e00000)]
  0x0000012d4cafd540 JavaThread "MySQL Statement Cancellation Timer" daemon [_thread_blocked, id=5756, stack(0x0000002d17300000,0x0000002d17400000)]
  0x0000012d4cafc6d0 JavaThread "OkHttp TaskRunner" daemon [_thread_blocked, id=12632, stack(0x0000002d19500000,0x0000002d19600000)]
  0x0000012d4cafcba0 JavaThread "Okio Watchdog" daemon [_thread_blocked, id=18076, stack(0x0000002d19600000,0x0000002d19700000)]
  0x0000012d4bc5e0a0 JavaThread "pool-1-thread-1" [_thread_in_native, id=15492, stack(0x0000002d17a00000,0x0000002d17b00000)]
  0x0000012d4bc58060 JavaThread "pool-1-thread-2" [_thread_in_native, id=4320, stack(0x0000002d19700000,0x0000002d19800000)]
  0x0000012d4bc5dbd0 JavaThread "pool-1-thread-3" [_thread_in_native, id=5704, stack(0x0000002d19800000,0x0000002d19900000)]
  0x0000012d4bc5e570 JavaThread "pool-1-thread-4" [_thread_in_native, id=3032, stack(0x0000002d19900000,0x0000002d19a00000)]
  0x0000012d4bc58a00 JavaThread "pool-1-thread-5" [_thread_in_native, id=11108, stack(0x0000002d19a00000,0x0000002d19b00000)]
  0x0000012d4bc5ba20 JavaThread "pool-1-thread-6" [_thread_in_native, id=20992, stack(0x0000002d19b00000,0x0000002d19c00000)]
  0x0000012d4bc58ed0 JavaThread "pool-1-thread-7" [_thread_in_native, id=3152, stack(0x0000002d19c00000,0x0000002d19d00000)]
  0x0000012d4bc5b080 JavaThread "pool-1-thread-8" [_thread_in_native, id=21136, stack(0x0000002d19d00000,0x0000002d19e00000)]
  0x0000012d4bc5c890 JavaThread "pool-1-thread-9" [_thread_in_native, id=420, stack(0x0000002d19e00000,0x0000002d19f00000)]
  0x0000012d4bc5bef0 JavaThread "pool-1-thread-10" [_thread_in_native, id=3244, stack(0x0000002d19f00000,0x0000002d1a000000)]
  0x0000012d4bc5ea40 JavaThread "OkHttp TaskRunner" daemon [_thread_blocked, id=14020, stack(0x0000002d1a100000,0x0000002d1a200000)]
  0x0000012d4bc5b550 JavaThread "OkHttp TaskRunner" daemon [_thread_blocked, id=11896, stack(0x0000002d1a200000,0x0000002d1a300000)]
  0x0000012d4bc5cd60 JavaThread "MySQL Statement Cancellation Timer" daemon [_thread_blocked, id=16476, stack(0x0000002d17200000,0x0000002d17300000)]
  0x0000012d4bc5a210 JavaThread "MySQL Statement Cancellation Timer" daemon [_thread_blocked, id=2804, stack(0x0000002d1a400000,0x0000002d1a500000)]
  0x0000012d4bc5abb0 JavaThread "MySQL Statement Cancellation Timer" daemon [_thread_blocked, id=11644, stack(0x0000002d1a500000,0x0000002d1a600000)]
  0x0000012d4bc5ef10 JavaThread "MySQL Statement Cancellation Timer" daemon [_thread_blocked, id=20384, stack(0x0000002d1a600000,0x0000002d1a700000)]
  0x0000012d4bc5f3e0 JavaThread "MySQL Statement Cancellation Timer" daemon [_thread_blocked, id=2440, stack(0x0000002d1a700000,0x0000002d1a800000)]
  0x0000012d4bc593a0 JavaThread "MySQL Statement Cancellation Timer" daemon [_thread_blocked, id=20372, stack(0x0000002d1a800000,0x0000002d1a900000)]
  0x0000012d4bc59870 JavaThread "MySQL Statement Cancellation Timer" daemon [_thread_blocked, id=18688, stack(0x0000002d1a900000,0x0000002d1aa00000)]
  0x0000012d4a667140 JavaThread "MySQL Statement Cancellation Timer" daemon [_thread_blocked, id=10188, stack(0x0000002d1aa00000,0x0000002d1ab00000)]
  0x0000012d4a662910 JavaThread "MySQL Statement Cancellation Timer" daemon [_thread_blocked, id=20720, stack(0x0000002d1ab00000,0x0000002d1ac00000)]

Other Threads:
  0x0000012d20cbbfe0 VMThread "VM Thread" [stack: 0x0000002d16300000,0x0000002d16400000] [id=11088]
  0x0000012d20c32320 WatcherThread "VM Periodic Task Thread" [stack: 0x0000002d17100000,0x0000002d17200000] [id=9212]
  0x0000012d20ca2610 WorkerThread "GC Thread#0" [stack: 0x0000002d15e00000,0x0000002d15f00000] [id=14448]
  0x0000012d48a83050 WorkerThread "GC Thread#1" [stack: 0x0000002d17400000,0x0000002d17500000] [id=13284]
  0x0000012d4887d7c0 WorkerThread "GC Thread#2" [stack: 0x0000002d17500000,0x0000002d17600000] [id=19580]
  0x0000012d4887da60 WorkerThread "GC Thread#3" [stack: 0x0000002d17600000,0x0000002d17700000] [id=360]
  0x0000012d4887dd00 WorkerThread "GC Thread#4" [stack: 0x0000002d17700000,0x0000002d17800000] [id=14628]
  0x0000012d4887dfa0 WorkerThread "GC Thread#5" [stack: 0x0000002d17800000,0x0000002d17900000] [id=2924]
  0x0000012d49024530 WorkerThread "GC Thread#6" [stack: 0x0000002d17900000,0x0000002d17a00000] [id=3184]
  0x0000012d4921b420 WorkerThread "GC Thread#7" [stack: 0x0000002d17b00000,0x0000002d17c00000] [id=5788]
  0x0000012d49299de0 WorkerThread "GC Thread#8" [stack: 0x0000002d17c00000,0x0000002d17d00000] [id=16172]
  0x0000012d492597a0 WorkerThread "GC Thread#9" [stack: 0x0000002d17d00000,0x0000002d17e00000] [id=19832]
  0x0000012d20cb31d0 ConcurrentGCThread "G1 Main Marker" [stack: 0x0000002d15f00000,0x0000002d16000000] [id=11560]
  0x0000012d20cb4bd0 WorkerThread "G1 Conc#0" [stack: 0x0000002d16000000,0x0000002d16100000] [id=14468]
  0x0000012d495b5430 WorkerThread "G1 Conc#1" [stack: 0x0000002d17e00000,0x0000002d17f00000] [id=14424]
  0x0000012d495b5c10 WorkerThread "G1 Conc#2" [stack: 0x0000002d17f00000,0x0000002d18000000] [id=7472]
  0x0000012d43d22a10 ConcurrentGCThread "G1 Refine#0" [stack: 0x0000002d16100000,0x0000002d16200000] [id=8564]
  0x0000012d4a387e80 ConcurrentGCThread "G1 Refine#1" [stack: 0x0000002d18000000,0x0000002d18100000] [id=13112]
  0x0000012d43d23320 ConcurrentGCThread "G1 Service" [stack: 0x0000002d16200000,0x0000002d16300000] [id=5080]

Threads with active compile tasks:
C2 CompilerThread0    38015 15103       4       org.hibernate.engine.internal.Cascade::cascadeCollection (100 bytes)

VM state: not at safepoint (normal execution)

VM Mutex/Monitor currently owned by a thread: None

Heap address: 0x0000000703600000, size: 4042 MB, Compressed Oops mode: Zero based, Oop shift amount: 3

CDS archive(s) mapped at: [0x0000000800000000-0x0000000800ba0000-0x0000000800ba0000), size 12189696, SharedBaseAddress: 0x0000000800000000, ArchiveRelocationMode: 0.
Compressed class space mapped at: 0x0000000800c00000-0x0000000840c00000, reserved size: 1073741824
Narrow klass base: 0x0000000800000000, Narrow klass shift: 0, Narrow klass range: 0x100000000

GC Precious Log:
 CardTable entry size: 512
 Card Set container configuration: InlinePtr #cards 4 size 8 Array Of Cards #cards 16 size 48 Howl #buckets 8 coarsen threshold 3686 Howl Bitmap #cards 512 size 80 coarsen threshold 460 Card regions per heap region 1 cards per card region 4096
 CPUs: 12 total, 12 available
 Memory: 16163M
 Large Page Support: Disabled
 NUMA Support: Disabled
 Compressed Oops: Enabled (Zero based)
 Heap Region Size: 2M
 Heap Min Capacity: 8M
 Heap Initial Capacity: 254M
 Heap Max Capacity: 4042M
 Pre-touch: Disabled
 Parallel Workers: 10
 Concurrent Workers: 3
 Concurrent Refinement Workers: 10
 Periodic GC: Disabled

Heap:
 garbage-first heap   total 180224K, used 97738K [0x0000000703600000, 0x0000000800000000)
  region size 2048K, 20 young (40960K), 1 survivors (2048K)
 Metaspace       used 86183K, committed 87168K, reserved 1179648K
  class space    used 10283K, committed 10752K, reserved 1048576K

Heap Regions: E=young(eden), S=young(survivor), O=old, HS=humongous(starts), HC=humongous(continues), CS=collection set, F=free, OA=open archive, CA=closed archive, TAMS=top-at-mark-start (previous, next)
|   0|0x0000000703600000, 0x0000000703800000, 0x0000000703800000|100%| O|  |TAMS 0x0000000703800000, 0x0000000703600000| Untracked 
|   1|0x0000000703800000, 0x0000000703a00000, 0x0000000703a00000|100%| O|  |TAMS 0x0000000703a00000, 0x0000000703800000| Untracked 
|   2|0x0000000703a00000, 0x0000000703c00000, 0x0000000703c00000|100%| O|  |TAMS 0x0000000703c00000, 0x0000000703a00000| Untracked 
|   3|0x0000000703c00000, 0x0000000703e00000, 0x0000000703e00000|100%| O|  |TAMS 0x0000000703e00000, 0x0000000703c00000| Untracked 
|   4|0x0000000703e00000, 0x0000000704000000, 0x0000000704000000|100%| O|  |TAMS 0x0000000704000000, 0x0000000703e00000| Untracked 
|   5|0x0000000704000000, 0x0000000704200000, 0x0000000704200000|100%| O|  |TAMS 0x0000000704200000, 0x0000000704000000| Untracked 
|   6|0x0000000704200000, 0x0000000704400000, 0x0000000704400000|100%| O|  |TAMS 0x0000000704400000, 0x0000000704200000| Untracked 
|   7|0x0000000704400000, 0x0000000704600000, 0x0000000704600000|100%| O|  |TAMS 0x0000000704600000, 0x0000000704400000| Untracked 
|   8|0x0000000704600000, 0x0000000704800000, 0x0000000704800000|100%| O|  |TAMS 0x0000000704600000, 0x0000000704600000| Untracked 
|   9|0x0000000704800000, 0x0000000704a00000, 0x0000000704a00000|100%| O|  |TAMS 0x0000000704800000, 0x0000000704800000| Untracked 
|  10|0x0000000704a00000, 0x0000000704c00000, 0x0000000704c00000|100%| O|  |TAMS 0x0000000704c00000, 0x0000000704a00000| Untracked 
|  11|0x0000000704c00000, 0x0000000704e00000, 0x0000000704e00000|100%| O|  |TAMS 0x0000000704e00000, 0x0000000704c00000| Untracked 
|  12|0x0000000704e00000, 0x0000000705000000, 0x0000000705000000|100%| O|  |TAMS 0x0000000705000000, 0x0000000704e00000| Untracked 
|  13|0x0000000705000000, 0x0000000705200000, 0x0000000705200000|100%| O|  |TAMS 0x0000000705084600, 0x0000000705000000| Untracked 
|  14|0x0000000705200000, 0x0000000705400000, 0x0000000705400000|100%| O|  |TAMS 0x0000000705200000, 0x0000000705200000| Untracked 
|  15|0x0000000705400000, 0x0000000705600000, 0x0000000705600000|100%| O|  |TAMS 0x0000000705400000, 0x0000000705400000| Untracked 
|  16|0x0000000705600000, 0x0000000705800000, 0x0000000705800000|100%| O|  |TAMS 0x0000000705600000, 0x0000000705600000| Untracked 
|  17|0x0000000705800000, 0x0000000705a00000, 0x0000000705a00000|100%| O|  |TAMS 0x0000000705800000, 0x0000000705800000| Untracked 
|  18|0x0000000705a00000, 0x0000000705c00000, 0x0000000705c00000|100%| O|  |TAMS 0x0000000705a00000, 0x0000000705a00000| Untracked 
|  19|0x0000000705c00000, 0x0000000705e00000, 0x0000000705e00000|100%| O|  |TAMS 0x0000000705c00000, 0x0000000705c00000| Untracked 
|  20|0x0000000705e00000, 0x0000000706000000, 0x0000000706000000|100%| O|  |TAMS 0x0000000705e00000, 0x0000000705e00000| Untracked 
|  21|0x0000000706000000, 0x0000000706200000, 0x0000000706200000|100%| O|  |TAMS 0x0000000706000000, 0x0000000706000000| Untracked 
|  22|0x0000000706200000, 0x0000000706400000, 0x0000000706400000|100%| O|  |TAMS 0x0000000706200000, 0x0000000706200000| Untracked 
|  23|0x0000000706400000, 0x0000000706600000, 0x0000000706600000|100%| O|  |TAMS 0x0000000706400000, 0x0000000706400000| Untracked 
|  24|0x0000000706600000, 0x0000000706800000, 0x0000000706800000|100%| O|  |TAMS 0x0000000706600000, 0x0000000706600000| Untracked 
|  25|0x0000000706800000, 0x0000000706a00000, 0x0000000706a00000|100%| O|  |TAMS 0x0000000706800000, 0x0000000706800000| Untracked 
|  26|0x0000000706a00000, 0x0000000706c00000, 0x0000000706c00000|100%| O|  |TAMS 0x0000000706a00000, 0x0000000706a00000| Untracked 
|  27|0x0000000706c00000, 0x0000000706e00000, 0x0000000706e00000|100%| O|  |TAMS 0x0000000706c00000, 0x0000000706c00000| Untracked 
|  28|0x0000000706e00000, 0x0000000707000000, 0x0000000707000000|100%| O|  |TAMS 0x0000000706e00000, 0x0000000706e00000| Untracked 
|  29|0x0000000707000000, 0x000000070709a000, 0x0000000707200000| 30%| O|  |TAMS 0x0000000707000000, 0x0000000707000000| Untracked 
|  30|0x0000000707200000, 0x0000000707200000, 0x0000000707400000|  0%| F|  |TAMS 0x0000000707200000, 0x0000000707200000| Untracked 
|  31|0x0000000707400000, 0x0000000707400000, 0x0000000707600000|  0%| F|  |TAMS 0x0000000707400000, 0x0000000707400000| Untracked 
|  32|0x0000000707600000, 0x0000000707600000, 0x0000000707800000|  0%| F|  |TAMS 0x0000000707600000, 0x0000000707600000| Untracked 
|  33|0x0000000707800000, 0x0000000707800000, 0x0000000707a00000|  0%| F|  |TAMS 0x0000000707800000, 0x0000000707800000| Untracked 
|  34|0x0000000707a00000, 0x0000000707a00000, 0x0000000707c00000|  0%| F|  |TAMS 0x0000000707a00000, 0x0000000707a00000| Untracked 
|  35|0x0000000707c00000, 0x0000000707c00000, 0x0000000707e00000|  0%| F|  |TAMS 0x0000000707c00000, 0x0000000707c00000| Untracked 
|  36|0x0000000707e00000, 0x0000000707e00000, 0x0000000708000000|  0%| F|  |TAMS 0x0000000707e00000, 0x0000000707e00000| Untracked 
|  37|0x0000000708000000, 0x0000000708000000, 0x0000000708200000|  0%| F|  |TAMS 0x0000000708000000, 0x0000000708000000| Untracked 
|  38|0x0000000708200000, 0x0000000708200000, 0x0000000708400000|  0%| F|  |TAMS 0x0000000708200000, 0x0000000708200000| Untracked 
|  39|0x0000000708400000, 0x0000000708400000, 0x0000000708600000|  0%| F|  |TAMS 0x0000000708400000, 0x0000000708400000| Untracked 
|  40|0x0000000708600000, 0x0000000708600000, 0x0000000708800000|  0%| F|  |TAMS 0x0000000708600000, 0x0000000708600000| Untracked 
|  41|0x0000000708800000, 0x0000000708800000, 0x0000000708a00000|  0%| F|  |TAMS 0x0000000708800000, 0x0000000708800000| Untracked 
|  42|0x0000000708a00000, 0x0000000708a00000, 0x0000000708c00000|  0%| F|  |TAMS 0x0000000708a00000, 0x0000000708a00000| Untracked 
|  43|0x0000000708c00000, 0x0000000708c00000, 0x0000000708e00000|  0%| F|  |TAMS 0x0000000708c00000, 0x0000000708c00000| Untracked 
|  44|0x0000000708e00000, 0x0000000708e00000, 0x0000000709000000|  0%| F|  |TAMS 0x0000000708e00000, 0x0000000708e00000| Untracked 
|  45|0x0000000709000000, 0x0000000709000000, 0x0000000709200000|  0%| F|  |TAMS 0x0000000709000000, 0x0000000709000000| Untracked 
|  46|0x0000000709200000, 0x0000000709200000, 0x0000000709400000|  0%| F|  |TAMS 0x0000000709200000, 0x0000000709200000| Untracked 
|  47|0x0000000709400000, 0x00000007094d8928, 0x0000000709600000| 42%| S|CS|TAMS 0x0000000709400000, 0x0000000709400000| Complete 
|  48|0x0000000709600000, 0x0000000709600000, 0x0000000709800000|  0%| F|  |TAMS 0x0000000709600000, 0x0000000709600000| Untracked 
|  49|0x0000000709800000, 0x0000000709800000, 0x0000000709a00000|  0%| F|  |TAMS 0x0000000709800000, 0x0000000709800000| Untracked 
|  50|0x0000000709a00000, 0x0000000709a00000, 0x0000000709c00000|  0%| F|  |TAMS 0x0000000709a00000, 0x0000000709a00000| Untracked 
|  51|0x0000000709c00000, 0x0000000709c00000, 0x0000000709e00000|  0%| F|  |TAMS 0x0000000709c00000, 0x0000000709c00000| Untracked 
|  52|0x0000000709e00000, 0x0000000709e00000, 0x000000070a000000|  0%| F|  |TAMS 0x0000000709e00000, 0x0000000709e00000| Untracked 
|  53|0x000000070a000000, 0x000000070a000000, 0x000000070a200000|  0%| F|  |TAMS 0x000000070a000000, 0x000000070a000000| Untracked 
|  54|0x000000070a200000, 0x000000070a200000, 0x000000070a400000|  0%| F|  |TAMS 0x000000070a200000, 0x000000070a200000| Untracked 
|  55|0x000000070a400000, 0x000000070a400000, 0x000000070a600000|  0%| F|  |TAMS 0x000000070a400000, 0x000000070a400000| Untracked 
|  56|0x000000070a600000, 0x000000070a600000, 0x000000070a800000|  0%| F|  |TAMS 0x000000070a600000, 0x000000070a600000| Untracked 
|  57|0x000000070a800000, 0x000000070a800000, 0x000000070aa00000|  0%| F|  |TAMS 0x000000070a800000, 0x000000070a800000| Untracked 
|  58|0x000000070aa00000, 0x000000070aa00000, 0x000000070ac00000|  0%| F|  |TAMS 0x000000070aa00000, 0x000000070aa00000| Untracked 
|  59|0x000000070ac00000, 0x000000070ac00000, 0x000000070ae00000|  0%| F|  |TAMS 0x000000070ac00000, 0x000000070ac00000| Untracked 
|  60|0x000000070ae00000, 0x000000070ae00000, 0x000000070b000000|  0%| F|  |TAMS 0x000000070ae00000, 0x000000070ae00000| Untracked 
|  61|0x000000070b000000, 0x000000070b000000, 0x000000070b200000|  0%| F|  |TAMS 0x000000070b000000, 0x000000070b000000| Untracked 
|  62|0x000000070b200000, 0x000000070b200000, 0x000000070b400000|  0%| F|  |TAMS 0x000000070b200000, 0x000000070b200000| Untracked 
|  63|0x000000070b400000, 0x000000070b400000, 0x000000070b600000|  0%| F|  |TAMS 0x000000070b400000, 0x000000070b400000| Untracked 
|  64|0x000000070b600000, 0x000000070b600000, 0x000000070b800000|  0%| F|  |TAMS 0x000000070b600000, 0x000000070b600000| Untracked 
|  65|0x000000070b800000, 0x000000070b800000, 0x000000070ba00000|  0%| F|  |TAMS 0x000000070b800000, 0x000000070b800000| Untracked 
|  66|0x000000070ba00000, 0x000000070ba00000, 0x000000070bc00000|  0%| F|  |TAMS 0x000000070ba00000, 0x000000070ba00000| Untracked 
|  67|0x000000070bc00000, 0x000000070bc00000, 0x000000070be00000|  0%| F|  |TAMS 0x000000070bc00000, 0x000000070bc00000| Untracked 
|  68|0x000000070be00000, 0x000000070be00000, 0x000000070c000000|  0%| F|  |TAMS 0x000000070be00000, 0x000000070be00000| Untracked 
|  69|0x000000070c000000, 0x000000070c13cc88, 0x000000070c200000| 61%| E|  |TAMS 0x000000070c000000, 0x000000070c000000| Complete 
|  70|0x000000070c200000, 0x000000070c400000, 0x000000070c400000|100%| E|CS|TAMS 0x000000070c200000, 0x000000070c200000| Complete 
|  71|0x000000070c400000, 0x000000070c600000, 0x000000070c600000|100%| E|CS|TAMS 0x000000070c400000, 0x000000070c400000| Complete 
|  72|0x000000070c600000, 0x000000070c800000, 0x000000070c800000|100%| E|CS|TAMS 0x000000070c600000, 0x000000070c600000| Complete 
|  73|0x000000070c800000, 0x000000070ca00000, 0x000000070ca00000|100%| E|CS|TAMS 0x000000070c800000, 0x000000070c800000| Complete 
|  74|0x000000070ca00000, 0x000000070cc00000, 0x000000070cc00000|100%| E|CS|TAMS 0x000000070ca00000, 0x000000070ca00000| Complete 
|  75|0x000000070cc00000, 0x000000070ce00000, 0x000000070ce00000|100%| E|CS|TAMS 0x000000070cc00000, 0x000000070cc00000| Complete 
|  76|0x000000070ce00000, 0x000000070d000000, 0x000000070d000000|100%| E|CS|TAMS 0x000000070ce00000, 0x000000070ce00000| Complete 
|  77|0x000000070d000000, 0x000000070d200000, 0x000000070d200000|100%| E|CS|TAMS 0x000000070d000000, 0x000000070d000000| Complete 
|  78|0x000000070d200000, 0x000000070d400000, 0x000000070d400000|100%| E|CS|TAMS 0x000000070d200000, 0x000000070d200000| Complete 
|  79|0x000000070d400000, 0x000000070d600000, 0x000000070d600000|100%| E|CS|TAMS 0x000000070d400000, 0x000000070d400000| Complete 
|  80|0x000000070d600000, 0x000000070d800000, 0x000000070d800000|100%| E|CS|TAMS 0x000000070d600000, 0x000000070d600000| Complete 
|  81|0x000000070d800000, 0x000000070da00000, 0x000000070da00000|100%| E|CS|TAMS 0x000000070d800000, 0x000000070d800000| Complete 
|  82|0x000000070da00000, 0x000000070dc00000, 0x000000070dc00000|100%| E|CS|TAMS 0x000000070da00000, 0x000000070da00000| Complete 
|  83|0x000000070dc00000, 0x000000070de00000, 0x000000070de00000|100%| E|CS|TAMS 0x000000070dc00000, 0x000000070dc00000| Complete 
|  84|0x000000070de00000, 0x000000070e000000, 0x000000070e000000|100%| E|CS|TAMS 0x000000070de00000, 0x000000070de00000| Complete 
|  85|0x000000070e000000, 0x000000070e200000, 0x000000070e200000|100%| E|CS|TAMS 0x000000070e000000, 0x000000070e000000| Complete 
|  86|0x000000070e200000, 0x000000070e400000, 0x000000070e400000|100%| E|CS|TAMS 0x000000070e200000, 0x000000070e200000| Complete 
| 126|0x0000000713200000, 0x0000000713400000, 0x0000000713400000|100%| E|CS|TAMS 0x0000000713200000, 0x0000000713200000| Complete 

Card table byte_map: [0x0000012d38520000,0x0000012d38d10000] _byte_map_base: 0x0000012d34d05000

Marking Bits (Prev, Next): (CMBitMap*) 0x0000012d20ca2c50, (CMBitMap*) 0x0000012d20ca2c10
 Prev Bits: [0x0000012d3d430000, 0x0000012d41358000)
 Next Bits: [0x0000012d39500000, 0x0000012d3d428000)

Polling page: 0x0000012d1ec10000

Metaspace:

Usage:
  Non-class:     74.12 MB used.
      Class:     10.04 MB used.
       Both:     84.16 MB used.

Virtual space:
  Non-class space:      128.00 MB reserved,      74.63 MB ( 58%) committed,  2 nodes.
      Class space:        1.00 GB reserved,      10.50 MB (  1%) committed,  1 nodes.
             Both:        1.13 GB reserved,      85.13 MB (  7%) committed. 

Chunk freelists:
   Non-Class:  1.28 MB
       Class:  1.32 MB
        Both:  2.60 MB

MaxMetaspaceSize: unlimited
CompressedClassSpaceSize: 1.00 GB
Initial GC threshold: 21.00 MB
Current GC threshold: 98.13 MB
CDS: on
MetaspaceReclaimPolicy: balanced
 - commit_granule_bytes: 65536.
 - commit_granule_words: 8192.
 - virtual_space_node_default_size: 8388608.
 - enlarge_chunks_in_place: 1.
 - new_chunks_are_fully_committed: 0.
 - uncommit_free_chunks: 1.
 - use_allocation_guard: 0.


Internal statistics:

num_allocs_failed_limit: 9.
num_arena_births: 1532.
num_arena_deaths: 0.
num_vsnodes_births: 3.
num_vsnodes_deaths: 0.
num_space_committed: 1362.
num_space_uncommitted: 0.
num_chunks_returned_to_freelist: 9.
num_chunks_taken_from_freelist: 4862.
num_chunk_merges: 9.
num_chunk_splits: 3329.
num_chunks_enlarged: 2451.
num_inconsistent_stats: 0.

CodeHeap 'non-profiled nmethods': size=120000Kb used=9068Kb max_used=9068Kb free=110931Kb
 bounds [0x0000012d302b0000, 0x0000012d30b90000, 0x0000012d377e0000]
CodeHeap 'profiled nmethods': size=120000Kb used=27662Kb max_used=27662Kb free=92337Kb
 bounds [0x0000012d28d80000, 0x0000012d2a890000, 0x0000012d302b0000]
CodeHeap 'non-nmethods': size=5760Kb used=2475Kb max_used=2544Kb free=3284Kb
 bounds [0x0000012d287e0000, 0x0000012d28a70000, 0x0000012d28d80000]
 total_blobs=13833 nmethods=12846 adapters=897
 compilation: enabled
              stopped_count=0, restarted_count=0
 full_count=0

Compilation events (20 events):
Event: 37.786 Thread 0x0000012d43e94db0 nmethod 15097 0x0000012d2a87d790 code [0x0000012d2a87dde0, 0x0000012d2a880ef8]
Event: 37.786 Thread 0x0000012d43e94db0 15098       1       com.mysql.cj.conf.AbstractPropertyDefinition::isRuntimeModifiable (5 bytes)
Event: 37.786 Thread 0x0000012d43e94db0 nmethod 15098 0x0000012d30b84010 code [0x0000012d30b841a0, 0x0000012d30b84278]
Event: 37.802 Thread 0x0000012d43e88ec0 15099       4       com.mysql.cj.NativeSession::getProtocol (8 bytes)
Event: 37.802 Thread 0x0000012d43e88ec0 nmethod 15099 0x0000012d30b84310 code [0x0000012d30b84480, 0x0000012d30b84538]
Event: 37.830 Thread 0x0000012d43e88ec0 15100       4       org.hibernate.event.internal.DefaultFlushEntityEventListener::getValues (101 bytes)
Event: 37.855 Thread 0x0000012d43e88ec0 nmethod 15100 0x0000012d30b84610 code [0x0000012d30b84920, 0x0000012d30b85c18]
Event: 37.855 Thread 0x0000012d43e88ec0 15101       4       org.hibernate.engine.internal.AbstractEntityEntry::isUnequivocallyNonDirty (249 bytes)
Event: 37.858 Thread 0x0000012d43e88ec0 nmethod 15101 0x0000012d30b87390 code [0x0000012d30b87540, 0x0000012d30b87818]
Event: 37.863 Thread 0x0000012d43e88ec0 15102       4       org.hibernate.event.internal.AbstractFlushingEventListener$$Lambda$1490/0x00000008016621e8::accept (14 bytes)
Event: 37.920 Thread 0x0000012d43e88ec0 nmethod 15102 0x0000012d30b87b90 code [0x0000012d30b87ec0, 0x0000012d30b89720]
Event: 37.921 Thread 0x0000012d43e88ec0 15103       4       org.hibernate.engine.internal.Cascade::cascadeCollection (100 bytes)
Event: 37.980 Thread 0x0000012d43e94db0 15106   !   3       com.mysql.cj.jdbc.ClientPreparedStatement::setNull (59 bytes)
Event: 37.981 Thread 0x0000012d43e94db0 nmethod 15106 0x0000012d2a882b10 code [0x0000012d2a882d80, 0x0000012d2a883a08]
Event: 37.981 Thread 0x0000012d43e94db0 15107       3       com.mysql.cj.protocol.a.NativeProtocol$$Lambda$894/0x00000008012e7828::get (8 bytes)
Event: 37.981 Thread 0x0000012d43e94db0 nmethod 15107 0x0000012d2a884010 code [0x0000012d2a8841c0, 0x0000012d2a884458]
Event: 37.981 Thread 0x0000012d43e94db0 15108       3       com.mysql.cj.protocol.a.ByteArrayValueEncoder::<init> (5 bytes)
Event: 37.982 Thread 0x0000012d43e94db0 nmethod 15108 0x0000012d2a884590 code [0x0000012d2a884740, 0x0000012d2a884938]
Event: 37.982 Thread 0x0000012d43e94db0 15109       3       com.mysql.cj.protocol.a.ByteArrayValueEncoder::init (8 bytes)
Event: 37.982 Thread 0x0000012d43e94db0 nmethod 15109 0x0000012d2a884a10 code [0x0000012d2a884ba0, 0x0000012d2a884ce8]

GC Heap History (20 events):
Event: 8.254 GC heap before
{Heap before GC invocations=17 (full 0):
 garbage-first heap   total 90112K, used 69533K [0x0000000703600000, 0x0000000800000000)
  region size 2048K, 18 young (36864K), 1 survivors (2048K)
 Metaspace       used 63280K, committed 63744K, reserved 1114112K
  class space    used 7982K, committed 8192K, reserved 1048576K
}
Event: 8.256 GC heap after
{Heap after GC invocations=18 (full 0):
 garbage-first heap   total 180224K, used 35196K [0x0000000703600000, 0x0000000800000000)
  region size 2048K, 2 young (4096K), 2 survivors (4096K)
 Metaspace       used 63280K, committed 63744K, reserved 1114112K
  class space    used 7982K, committed 8192K, reserved 1048576K
}
Event: 11.005 GC heap before
{Heap before GC invocations=18 (full 0):
 garbage-first heap   total 180224K, used 131452K [0x0000000703600000, 0x0000000800000000)
  region size 2048K, 49 young (100352K), 2 survivors (4096K)
 Metaspace       used 70719K, committed 71296K, reserved 1114112K
  class space    used 8898K, committed 9152K, reserved 1048576K
}
Event: 11.011 GC heap after
{Heap after GC invocations=19 (full 0):
 garbage-first heap   total 180224K, used 47576K [0x0000000703600000, 0x0000000800000000)
  region size 2048K, 7 young (14336K), 7 survivors (14336K)
 Metaspace       used 70719K, committed 71296K, reserved 1114112K
  class space    used 8898K, committed 9152K, reserved 1048576K
}
Event: 15.461 GC heap before
{Heap before GC invocations=19 (full 0):
 garbage-first heap   total 180224K, used 129496K [0x0000000703600000, 0x0000000800000000)
  region size 2048K, 47 young (96256K), 7 survivors (14336K)
 Metaspace       used 78030K, committed 78784K, reserved 1179648K
  class space    used 9688K, committed 10048K, reserved 1048576K
}
Event: 15.469 GC heap after
{Heap after GC invocations=20 (full 0):
 garbage-first heap   total 180224K, used 58077K [0x0000000703600000, 0x0000000800000000)
  region size 2048K, 6 young (12288K), 6 survivors (12288K)
 Metaspace       used 78030K, committed 78784K, reserved 1179648K
  class space    used 9688K, committed 10048K, reserved 1048576K
}
Event: 18.931 GC heap before
{Heap before GC invocations=20 (full 0):
 garbage-first heap   total 180224K, used 131805K [0x0000000703600000, 0x0000000800000000)
  region size 2048K, 42 young (86016K), 6 survivors (12288K)
 Metaspace       used 82368K, committed 83264K, reserved 1179648K
  class space    used 10164K, committed 10624K, reserved 1048576K
}
Event: 18.938 GC heap after
{Heap after GC invocations=21 (full 0):
 garbage-first heap   total 180224K, used 64663K [0x0000000703600000, 0x0000000800000000)
  region size 2048K, 6 young (12288K), 6 survivors (12288K)
 Metaspace       used 82368K, committed 83264K, reserved 1179648K
  class space    used 10164K, committed 10624K, reserved 1048576K
}
Event: 23.829 GC heap before
{Heap before GC invocations=21 (full 0):
 garbage-first heap   total 180224K, used 130199K [0x0000000703600000, 0x0000000800000000)
  region size 2048K, 39 young (79872K), 6 survivors (12288K)
 Metaspace       used 84445K, committed 85440K, reserved 1179648K
  class space    used 10259K, committed 10752K, reserved 1048576K
}
Event: 23.835 GC heap after
{Heap after GC invocations=22 (full 0):
 garbage-first heap   total 180224K, used 65441K [0x0000000703600000, 0x0000000800000000)
  region size 2048K, 4 young (8192K), 4 survivors (8192K)
 Metaspace       used 84445K, committed 85440K, reserved 1179648K
  class space    used 10259K, committed 10752K, reserved 1048576K
}
Event: 25.107 GC heap before
{Heap before GC invocations=22 (full 0):
 garbage-first heap   total 180224K, used 130977K [0x0000000703600000, 0x0000000800000000)
  region size 2048K, 37 young (75776K), 4 survivors (8192K)
 Metaspace       used 85466K, committed 86464K, reserved 1179648K
  class space    used 10277K, committed 10752K, reserved 1048576K
}
Event: 25.111 GC heap after
{Heap after GC invocations=23 (full 0):
 garbage-first heap   total 180224K, used 62657K [0x0000000703600000, 0x0000000800000000)
  region size 2048K, 2 young (4096K), 2 survivors (4096K)
 Metaspace       used 85466K, committed 86464K, reserved 1179648K
  class space    used 10277K, committed 10752K, reserved 1048576K
}
Event: 28.181 GC heap before
{Heap before GC invocations=23 (full 0):
 garbage-first heap   total 180224K, used 136385K [0x0000000703600000, 0x0000000800000000)
  region size 2048K, 38 young (77824K), 2 survivors (4096K)
 Metaspace       used 85957K, committed 86912K, reserved 1179648K
  class space    used 10277K, committed 10752K, reserved 1048576K
}
Event: 28.184 GC heap after
{Heap after GC invocations=24 (full 0):
 garbage-first heap   total 180224K, used 66201K [0x0000000703600000, 0x0000000800000000)
  region size 2048K, 4 young (8192K), 4 survivors (8192K)
 Metaspace       used 85957K, committed 86912K, reserved 1179648K
  class space    used 10277K, committed 10752K, reserved 1048576K
}
Event: 30.171 GC heap before
{Heap before GC invocations=24 (full 0):
 garbage-first heap   total 180224K, used 137881K [0x0000000703600000, 0x0000000800000000)
  region size 2048K, 39 young (79872K), 4 survivors (8192K)
 Metaspace       used 86076K, committed 87040K, reserved 1179648K
  class space    used 10282K, committed 10752K, reserved 1048576K
}
Event: 30.173 GC heap after
{Heap after GC invocations=25 (full 0):
 garbage-first heap   total 180224K, used 64818K [0x0000000703600000, 0x0000000800000000)
  region size 2048K, 3 young (6144K), 3 survivors (6144K)
 Metaspace       used 86076K, committed 87040K, reserved 1179648K
  class space    used 10282K, committed 10752K, reserved 1048576K
}
Event: 32.757 GC heap before
{Heap before GC invocations=25 (full 0):
 garbage-first heap   total 180224K, used 136498K [0x0000000703600000, 0x0000000800000000)
  region size 2048K, 39 young (79872K), 3 survivors (6144K)
 Metaspace       used 86109K, committed 87040K, reserved 1179648K
  class space    used 10282K, committed 10752K, reserved 1048576K
}
Event: 32.758 GC heap after
{Heap after GC invocations=26 (full 0):
 garbage-first heap   total 180224K, used 60895K [0x0000000703600000, 0x0000000800000000)
  region size 2048K, 1 young (2048K), 1 survivors (2048K)
 Metaspace       used 86109K, committed 87040K, reserved 1179648K
  class space    used 10282K, committed 10752K, reserved 1048576K
}
Event: 35.487 GC heap before
{Heap before GC invocations=26 (full 0):
 garbage-first heap   total 180224K, used 140767K [0x0000000703600000, 0x0000000800000000)
  region size 2048K, 40 young (81920K), 1 survivors (2048K)
 Metaspace       used 86162K, committed 87104K, reserved 1179648K
  class space    used 10283K, committed 10752K, reserved 1048576K
}
Event: 35.488 GC heap after
{Heap after GC invocations=27 (full 0):
 garbage-first heap   total 180224K, used 60874K [0x0000000703600000, 0x0000000800000000)
  region size 2048K, 1 young (2048K), 1 survivors (2048K)
 Metaspace       used 86162K, committed 87104K, reserved 1179648K
  class space    used 10283K, committed 10752K, reserved 1048576K
}

Deoptimization events (20 events):
Event: 34.534 Thread 0x0000012d4bc58060 Uncommon trap: trap_request=0xffffffc6 fr.pc=0x0000012d30a74684 relative=0x00000000000005a4
Event: 34.534 Thread 0x0000012d4bc58060 Uncommon trap: reason=bimorphic_or_optimized_type_check action=maybe_recompile pc=0x0000012d30a74684 method=org.hibernate.type.descriptor.sql.BasicBinder.bind(Ljava/sql/PreparedStatement;Ljava/lang/Object;ILorg/hibernate/type/descriptor/WrapperOptions;)V 
Event: 34.534 Thread 0x0000012d4bc58060 DEOPT PACKING pc=0x0000012d30a74684 sp=0x0000002d197fdcd0
Event: 34.534 Thread 0x0000012d4bc58060 DEOPT UNPACKING pc=0x0000012d28835c23 sp=0x0000002d197fdc68 mode 2
Event: 35.101 Thread 0x0000012d4bc5bef0 Uncommon trap: trap_request=0xffffffd6 fr.pc=0x0000012d30b3db4c relative=0x000000000000048c
Event: 35.101 Thread 0x0000012d4bc5bef0 Uncommon trap: reason=array_check action=maybe_recompile pc=0x0000012d30b3db4c method=org.hibernate.engine.internal.EntityEntryContext.reentrantSafeEntityEntries()[Ljava/util/Map$Entry; @ 57 c2
Event: 35.101 Thread 0x0000012d4bc5bef0 DEOPT PACKING pc=0x0000012d30b3db4c sp=0x0000002d19ffd900
Event: 35.101 Thread 0x0000012d4bc5bef0 DEOPT UNPACKING pc=0x0000012d28835c23 sp=0x0000002d19ffd8b8 mode 2
Event: 35.102 Thread 0x0000012d4bc5bef0 Uncommon trap: trap_request=0xffffffd6 fr.pc=0x0000012d30b3db4c relative=0x000000000000048c
Event: 35.102 Thread 0x0000012d4bc5bef0 Uncommon trap: reason=array_check action=maybe_recompile pc=0x0000012d30b3db4c method=org.hibernate.engine.internal.EntityEntryContext.reentrantSafeEntityEntries()[Ljava/util/Map$Entry; @ 57 c2
Event: 35.102 Thread 0x0000012d4bc5bef0 DEOPT PACKING pc=0x0000012d30b3db4c sp=0x0000002d19ffdf60
Event: 35.102 Thread 0x0000012d4bc5bef0 DEOPT UNPACKING pc=0x0000012d28835c23 sp=0x0000002d19ffdf18 mode 2
Event: 35.104 Thread 0x0000012d4bc5c890 Uncommon trap: trap_request=0xffffffd6 fr.pc=0x0000012d30b3db4c relative=0x000000000000048c
Event: 35.104 Thread 0x0000012d4bc5c890 Uncommon trap: reason=array_check action=maybe_recompile pc=0x0000012d30b3db4c method=org.hibernate.engine.internal.EntityEntryContext.reentrantSafeEntityEntries()[Ljava/util/Map$Entry; @ 57 c2
Event: 35.104 Thread 0x0000012d4bc5c890 DEOPT PACKING pc=0x0000012d30b3db4c sp=0x0000002d19efda00
Event: 35.104 Thread 0x0000012d4bc5c890 DEOPT UNPACKING pc=0x0000012d28835c23 sp=0x0000002d19efd9b8 mode 2
Event: 35.105 Thread 0x0000012d4bc5c890 Uncommon trap: trap_request=0xffffffd6 fr.pc=0x0000012d30b3db4c relative=0x000000000000048c
Event: 35.105 Thread 0x0000012d4bc5c890 Uncommon trap: reason=array_check action=maybe_recompile pc=0x0000012d30b3db4c method=org.hibernate.engine.internal.EntityEntryContext.reentrantSafeEntityEntries()[Ljava/util/Map$Entry; @ 57 c2
Event: 35.105 Thread 0x0000012d4bc5c890 DEOPT PACKING pc=0x0000012d30b3db4c sp=0x0000002d19efe060
Event: 35.105 Thread 0x0000012d4bc5c890 DEOPT UNPACKING pc=0x0000012d28835c23 sp=0x0000002d19efe018 mode 2

Classes loaded (20 events):
Event: 18.286 Loading class sun/security/ssl/SSLEngineOutputRecord$HandshakeFragment
Event: 18.286 Loading class sun/security/ssl/SSLEngineOutputRecord$HandshakeFragment done
Event: 18.286 Loading class sun/security/ssl/SSLEngineOutputRecord$HandshakeMemo
Event: 18.286 Loading class sun/security/ssl/SSLEngineOutputRecord$RecordMemo
Event: 18.286 Loading class sun/security/ssl/SSLEngineOutputRecord$RecordMemo done
Event: 18.287 Loading class sun/security/ssl/SSLEngineOutputRecord$HandshakeMemo done
Event: 18.310 Loading class sun/security/ssl/PreSharedKeyExtension$SHPreSharedKeySpec
Event: 18.310 Loading class sun/security/ssl/PreSharedKeyExtension$SHPreSharedKeySpec done
Event: 18.884 Loading class java/io/FileOutputStream$1
Event: 18.884 Loading class java/io/FileOutputStream$1 done
Event: 19.090 Loading class java/lang/ObjectCustomizer
Event: 19.090 Loading class java/lang/ObjectCustomizer done
Event: 19.091 Loading class java/lang/ObjectCustomizer
Event: 19.091 Loading class java/lang/ObjectCustomizer done
Event: 24.429 Loading class sun/security/ssl/Alert
Event: 24.444 Loading class sun/security/ssl/Alert done
Event: 24.444 Loading class sun/security/ssl/Alert$AlertConsumer
Event: 24.445 Loading class sun/security/ssl/Alert$AlertConsumer done
Event: 24.445 Loading class sun/security/ssl/Alert$Level
Event: 24.445 Loading class sun/security/ssl/Alert$Level done

Classes unloaded (0 events):
No events

Classes redefined (0 events):
No events

Internal exceptions (20 events):
Event: 15.814 Thread 0x0000012d4b66d730 Exception <a 'java/lang/ClassNotFoundException'{0x000000070ce7f890}: org/thymeleaf/model/AttributeValueQuotesCustomizer> (0x000000070ce7f890) 
thrown [s\src\hotspot\share\classfile\systemDictionary.cpp, line 255]
Event: 15.906 Thread 0x0000012d4b66d730 Exception <a 'java/lang/ClassNotFoundException'{0x000000070cc8db78}: org/thymeleaf/engine/ElementTagStructureHandlerBeanInfo> (0x000000070cc8db78) 
thrown [s\src\hotspot\share\classfile\systemDictionary.cpp, line 255]
Event: 15.906 Thread 0x0000012d4b66d730 Exception <a 'java/lang/ClassNotFoundException'{0x000000070cc95a98}: org/thymeleaf/engine/ElementTagStructureHandlerCustomizer> (0x000000070cc95a98) 
thrown [s\src\hotspot\share\classfile\systemDictionary.cpp, line 255]
Event: 15.976 Thread 0x0000012d4b66f410 Exception <a 'java/lang/NoSuchMethodError'{0x000000070cdf4218}: 'java.lang.Object java.lang.invoke.DirectMethodHandle$Holder.invokeStatic(java.lang.Object, int, int)'> (0x000000070cdf4218) 
thrown [s\src\hotspot\share\interpreter\linkResolver.cpp, line 759]
Event: 15.976 Thread 0x0000012d4b673c40 Exception <a 'java/lang/NoSuchMethodError'{0x000000070caf2f18}: 'java.lang.Object java.lang.invoke.DirectMethodHandle$Holder.invokeStatic(java.lang.Object, int, int)'> (0x000000070caf2f18) 
thrown [s\src\hotspot\share\interpreter\linkResolver.cpp, line 759]
Event: 15.976 Thread 0x0000012d4b66ef40 Exception <a 'java/lang/NoSuchMethodError'{0x000000070ca22ed8}: 'java.lang.Object java.lang.invoke.DirectMethodHandle$Holder.invokeStatic(java.lang.Object, int, int)'> (0x000000070ca22ed8) 
thrown [s\src\hotspot\share\interpreter\linkResolver.cpp, line 759]
Event: 15.976 Thread 0x0000012d4b66e0d0 Exception <a 'java/lang/NoSuchMethodError'{0x000000070ca89e40}: 'java.lang.Object java.lang.invoke.DirectMethodHandle$Holder.invokeStatic(java.lang.Object, int, int)'> (0x000000070ca89e40) 
thrown [s\src\hotspot\share\interpreter\linkResolver.cpp, line 759]
Event: 17.706 Thread 0x0000012d4cafa9f0 Exception <a 'java/lang/NoSuchMethodError'{0x000000070b5c6670}: 'void java.lang.invoke.Invokers$Holder.invokeExact_MT(java.lang.Object, java.lang.Object, int, java.lang.Object)'> (0x000000070b5c6670) 
thrown [s\src\hotspot\share\interpreter\linkResolver.cpp, line 759]
Event: 17.709 Thread 0x0000012d4cafa9f0 Exception <a 'java/lang/ClassNotFoundException'{0x000000070b5dc8a8}: java/lang/ObjectCustomizer> (0x000000070b5dc8a8) 
thrown [s\src\hotspot\share\classfile\systemDictionary.cpp, line 255]
Event: 17.709 Thread 0x0000012d4cafa9f0 Exception <a 'java/lang/ClassNotFoundException'{0x000000070b5e4b40}: com/theme/starterkit/entities/AdAccountCustomizer> (0x000000070b5e4b40) 
thrown [s\src\hotspot\share\classfile\systemDictionary.cpp, line 255]
Event: 17.714 Thread 0x0000012d4cafa9f0 Exception <a 'java/lang/NoSuchMethodError'{0x000000070b22be00}: 'int java.lang.invoke.Invokers$Holder.invokeExact_MT(java.lang.Object, java.lang.Object, java.lang.Object)'> (0x000000070b22be00) 
thrown [s\src\hotspot\share\interpreter\linkResolver.cpp, line 759]
Event: 18.247 Thread 0x0000012d4cafa9f0 Exception <a 'java/lang/NoSuchMethodError'{0x000000070ada0e78}: 'java.lang.Object java.lang.invoke.DirectMethodHandle$Holder.newInvokeSpecial(java.lang.Object, java.lang.Object, java.lang.Object, int, int, java.lang.Object, java.lang.Object)'> (0x000000070ada0e78) 
thrown [s\src\hotspot\share\interpreter\linkResolver.cpp, line 759]
Event: 18.955 Thread 0x0000012d4b6732a0 Exception <a 'java/lang/IncompatibleClassChangeError'{0x00000007133bca20}: Found class java.lang.Object, but interface was expected> (0x00000007133bca20) 
thrown [s\src\hotspot\share\interpreter\linkResolver.cpp, line 826]
Event: 19.091 Thread 0x0000012d4b6732a0 Exception <a 'java/lang/ClassNotFoundException'{0x000000070e286538}: java/lang/ObjectCustomizer> (0x000000070e286538) 
thrown [s\src\hotspot\share\classfile\systemDictionary.cpp, line 255]
Event: 19.092 Thread 0x0000012d4b6732a0 Exception <a 'java/lang/ClassNotFoundException'{0x000000070e291498}: com/theme/starterkit/entities/UserCustomizer> (0x000000070e291498) 
thrown [s\src\hotspot\share\classfile\systemDictionary.cpp, line 255]
Event: 23.536 Thread 0x0000012d4bc5e0a0 Implicit null exception at 0x0000012d30928ecf to 0x0000012d309290a8
Event: 29.918 Thread 0x0000012d4bc58060 Implicit null exception at 0x0000012d30a64b9e to 0x0000012d30a6591c
Event: 29.918 Thread 0x0000012d4bc5c890 Implicit null exception at 0x0000012d30a64b9e to 0x0000012d30a6591c
Event: 29.918 Thread 0x0000012d4bc58ed0 Implicit null exception at 0x0000012d30a64b9e to 0x0000012d30a6591c
Event: 29.918 Thread 0x0000012d4bc5dbd0 Implicit null exception at 0x0000012d30a64b9e to 0x0000012d30a6591c

VM Operations (20 events):
Event: 28.181 Executing VM operation: G1CollectForAllocation
Event: 28.184 Executing VM operation: G1CollectForAllocation done
Event: 29.196 Executing VM operation: Cleanup
Event: 29.196 Executing VM operation: Cleanup done
Event: 30.075 Executing VM operation: HandshakeAllThreads
Event: 30.075 Executing VM operation: HandshakeAllThreads done
Event: 30.171 Executing VM operation: G1CollectForAllocation
Event: 30.174 Executing VM operation: G1CollectForAllocation done
Event: 31.175 Executing VM operation: Cleanup
Event: 31.175 Executing VM operation: Cleanup done
Event: 32.176 Executing VM operation: Cleanup
Event: 32.176 Executing VM operation: Cleanup done
Event: 32.757 Executing VM operation: G1CollectForAllocation
Event: 32.758 Executing VM operation: G1CollectForAllocation done
Event: 34.758 Executing VM operation: Cleanup
Event: 34.758 Executing VM operation: Cleanup done
Event: 35.487 Executing VM operation: G1CollectForAllocation
Event: 35.488 Executing VM operation: G1CollectForAllocation done
Event: 36.488 Executing VM operation: Cleanup
Event: 36.488 Executing VM operation: Cleanup done

Events (20 events):
Event: 28.326 Thread 0x0000012d4a32a2a0 Thread exited: 0x0000012d4a32a2a0
Event: 28.503 Thread 0x0000012d4a327f30 Thread added: 0x0000012d4a327f30
Event: 28.508 Thread 0x0000012d4a327a20 Thread added: 0x0000012d4a327a20
Event: 29.390 Thread 0x0000012d4a327a20 Thread exited: 0x0000012d4a327a20
Event: 29.390 Thread 0x0000012d4a327f30 Thread exited: 0x0000012d4a327f30
Event: 29.513 Thread 0x0000012d4a327a20 Thread added: 0x0000012d4a327a20
Event: 30.088 Thread 0x0000012d43e95790 flushing nmethod 0x0000012d29815110
Event: 30.088 Thread 0x0000012d43e95790 flushing nmethod 0x0000012d2983ce90
Event: 30.088 Thread 0x0000012d43e95790 flushing nmethod 0x0000012d2983ed90
Event: 30.088 Thread 0x0000012d43e95790 flushing nmethod 0x0000012d2984d790
Event: 30.088 Thread 0x0000012d43e95790 flushing nmethod 0x0000012d2984dc90
Event: 30.088 Thread 0x0000012d43e95790 flushing nmethod 0x0000012d29852f10
Event: 30.088 Thread 0x0000012d43e95790 flushing nmethod 0x0000012d2986f810
Event: 30.093 Thread 0x0000012d43e95790 flushing nmethod 0x0000012d29ec2a90
Event: 30.093 Thread 0x0000012d43e95790 flushing nmethod 0x0000012d29f22190
Event: 30.093 Thread 0x0000012d43e95790 flushing nmethod 0x0000012d29f37a90
Event: 30.093 Thread 0x0000012d43e95790 flushing nmethod 0x0000012d29f65090
Event: 33.147 Thread 0x0000012d4a327a20 Thread exited: 0x0000012d4a327a20
Event: 34.598 Thread 0x0000012d4a327f30 Thread added: 0x0000012d4a327f30
Event: 37.028 Thread 0x0000012d4a327f30 Thread exited: 0x0000012d4a327f30


Dynamic libraries:
0x00007ff74c4a0000 - 0x00007ff74c4ad000 	C:\Users\ADMIN\.jdks\corretto-18.0.2\bin\java.exe
0x00007ff86c7f0000 - 0x00007ff86ca07000 	C:\WINDOWS\SYSTEM32\ntdll.dll
0x00007ff86b4b0000 - 0x00007ff86b574000 	C:\WINDOWS\System32\KERNEL32.DLL
0x00007ff86a110000 - 0x00007ff86a4e0000 	C:\WINDOWS\System32\KERNELBASE.dll
0x00007ff869aa0000 - 0x00007ff869bb1000 	C:\WINDOWS\System32\ucrtbase.dll
0x00007ff858260000 - 0x00007ff858277000 	C:\Users\ADMIN\.jdks\corretto-18.0.2\bin\jli.dll
0x00007ff8616b0000 - 0x00007ff8616c5000 	C:\Users\ADMIN\.jdks\corretto-18.0.2\bin\VCRUNTIME140.dll
0x00007ff86bfd0000 - 0x00007ff86c17e000 	C:\WINDOWS\System32\USER32.dll
0x00007ff8613b0000 - 0x00007ff861642000 	C:\WINDOWS\WinSxS\amd64_microsoft.windows.common-controls_6595b64144ccf1df_6.0.22621.4830_none_270fe7d773858e80\COMCTL32.dll
0x00007ff869fc0000 - 0x00007ff869fe6000 	C:\WINDOWS\System32\win32u.dll
0x00007ff86b920000 - 0x00007ff86b9c7000 	C:\WINDOWS\System32\msvcrt.dll
0x00007ff86c210000 - 0x00007ff86c239000 	C:\WINDOWS\System32\GDI32.dll
0x00007ff869ff0000 - 0x00007ff86a10b000 	C:\WINDOWS\System32\gdi32full.dll
0x00007ff869f20000 - 0x00007ff869fba000 	C:\WINDOWS\System32\msvcp_win.dll
0x00007ff86be50000 - 0x00007ff86be81000 	C:\WINDOWS\System32\IMM32.DLL
0x00007ff833dc0000 - 0x00007ff833e5b000 	C:\Users\ADMIN\.jdks\corretto-18.0.2\bin\msvcp140.dll
0x00007fffede20000 - 0x00007fffeea91000 	C:\Users\ADMIN\.jdks\corretto-18.0.2\bin\server\jvm.dll
0x00007ff86b6a0000 - 0x00007ff86b751000 	C:\WINDOWS\System32\ADVAPI32.dll
0x00007ff86a8e0000 - 0x00007ff86a987000 	C:\WINDOWS\System32\sechost.dll
0x00007ff869e70000 - 0x00007ff869e98000 	C:\WINDOWS\System32\bcrypt.dll
0x00007ff86b580000 - 0x00007ff86b694000 	C:\WINDOWS\System32\RPCRT4.dll
0x00007ff86ac20000 - 0x00007ff86ac28000 	C:\WINDOWS\System32\PSAPI.DLL
0x00007ff849310000 - 0x00007ff849319000 	C:\WINDOWS\SYSTEM32\WSOCK32.dll
0x00007ff864050000 - 0x00007ff864084000 	C:\WINDOWS\SYSTEM32\WINMM.dll
0x00007ff8610c0000 - 0x00007ff8610ca000 	C:\WINDOWS\SYSTEM32\VERSION.dll
0x00007ff86a860000 - 0x00007ff86a8d1000 	C:\WINDOWS\System32\WS2_32.dll
0x00007ff868b30000 - 0x00007ff868b48000 	C:\WINDOWS\SYSTEM32\kernel.appcore.dll
0x00007ff8616a0000 - 0x00007ff8616aa000 	C:\Users\ADMIN\.jdks\corretto-18.0.2\bin\jimage.dll
0x00007ff85d800000 - 0x00007ff85da32000 	C:\WINDOWS\SYSTEM32\DBGHELP.DLL
0x00007ff86c260000 - 0x00007ff86c5f0000 	C:\WINDOWS\System32\combase.dll
0x00007ff86a660000 - 0x00007ff86a737000 	C:\WINDOWS\System32\OLEAUT32.dll
0x00007ff8516c0000 - 0x00007ff8516f2000 	C:\WINDOWS\SYSTEM32\dbgcore.DLL
0x00007ff869df0000 - 0x00007ff869e6b000 	C:\WINDOWS\System32\bcryptPrimitives.dll
0x00007ff8666a0000 - 0x00007ff8666ae000 	C:\Users\ADMIN\.jdks\corretto-18.0.2\bin\instrument.dll
0x00007ff855430000 - 0x00007ff855455000 	C:\Users\ADMIN\.jdks\corretto-18.0.2\bin\java.dll
0x00007ff8329a0000 - 0x00007ff832a76000 	C:\Users\ADMIN\.jdks\corretto-18.0.2\bin\jsvml.dll
0x00007ff86ac30000 - 0x00007ff86b4a8000 	C:\WINDOWS\System32\SHELL32.dll
0x00007ff867980000 - 0x00007ff868290000 	C:\WINDOWS\SYSTEM32\windows.storage.dll
0x00007ff867840000 - 0x00007ff86797f000 	C:\WINDOWS\SYSTEM32\wintypes.dll
0x00007ff86a990000 - 0x00007ff86aa9a000 	C:\WINDOWS\System32\SHCORE.dll
0x00007ff86bf70000 - 0x00007ff86bfce000 	C:\WINDOWS\System32\shlwapi.dll
0x00007ff8699d0000 - 0x00007ff8699fb000 	C:\WINDOWS\SYSTEM32\profapi.dll
0x00007ff854d90000 - 0x00007ff854da8000 	C:\Users\ADMIN\.jdks\corretto-18.0.2\bin\zip.dll
0x00007ff855f70000 - 0x00007ff855f83000 	C:\Users\ADMIN\.jdks\corretto-18.0.2\bin\net.dll
0x00007ff864d40000 - 0x00007ff864e6c000 	C:\WINDOWS\SYSTEM32\WINHTTP.dll
0x00007ff869000000 - 0x00007ff86906a000 	C:\WINDOWS\system32\mswsock.dll
0x00007ff855410000 - 0x00007ff855425000 	C:\Users\ADMIN\.jdks\corretto-18.0.2\bin\nio.dll
0x00007ff866660000 - 0x00007ff86667a000 	C:\Program Files\JetBrains\IntelliJ IDEA Community Edition 2023.3.4\bin\breakgen64.dll
0x00007ff85d720000 - 0x00007ff85d730000 	C:\Users\ADMIN\.jdks\corretto-18.0.2\bin\verify.dll
0x00007ff866690000 - 0x00007ff866699000 	C:\Users\ADMIN\.jdks\corretto-18.0.2\bin\management.dll
0x00007ff866680000 - 0x00007ff86668b000 	C:\Users\ADMIN\.jdks\corretto-18.0.2\bin\management_ext.dll
0x00007ff841a70000 - 0x00007ff841a87000 	C:\WINDOWS\system32\napinsp.dll
0x00007ff8415e0000 - 0x00007ff8415fb000 	C:\WINDOWS\system32\pnrpnsp.dll
0x00007ff8685d0000 - 0x00007ff8686d2000 	C:\WINDOWS\SYSTEM32\DNSAPI.dll
0x00007ff868560000 - 0x00007ff86858d000 	C:\WINDOWS\SYSTEM32\IPHLPAPI.DLL
0x00007ff86ac10000 - 0x00007ff86ac19000 	C:\WINDOWS\System32\NSI.dll
0x00007ff841470000 - 0x00007ff841481000 	C:\WINDOWS\System32\winrnr.dll
0x00007ff863e90000 - 0x00007ff863ea5000 	C:\WINDOWS\system32\wshbth.dll
0x00007ff840a70000 - 0x00007ff840a97000 	C:\WINDOWS\system32\nlansp_c.dll
0x00007ff864ac0000 - 0x00007ff864aca000 	C:\Windows\System32\rasadhlp.dll
0x00007ff8642a0000 - 0x00007ff864323000 	C:\WINDOWS\System32\fwpuclnt.dll
0x00007ff8693c0000 - 0x00007ff8693db000 	C:\WINDOWS\SYSTEM32\CRYPTSP.dll
0x00007ff868af0000 - 0x00007ff868b25000 	C:\WINDOWS\system32\rsaenh.dll
0x00007ff8690a0000 - 0x00007ff8690c8000 	C:\WINDOWS\SYSTEM32\USERENV.dll
0x00007ff869200000 - 0x00007ff86920c000 	C:\WINDOWS\SYSTEM32\CRYPTBASE.dll
0x00007ff864d20000 - 0x00007ff864d39000 	C:\WINDOWS\SYSTEM32\dhcpcsvc6.DLL
0x00007ff864d00000 - 0x00007ff864d1f000 	C:\WINDOWS\SYSTEM32\dhcpcsvc.DLL
0x00007ff866550000 - 0x00007ff86655e000 	C:\Users\ADMIN\.jdks\corretto-18.0.2\bin\sunmscapi.dll
0x00007ff869c80000 - 0x00007ff869de6000 	C:\WINDOWS\System32\CRYPT32.dll
0x00007ff869390000 - 0x00007ff8693bd000 	C:\WINDOWS\SYSTEM32\ncrypt.dll
0x00007ff869350000 - 0x00007ff869387000 	C:\WINDOWS\SYSTEM32\NTASN1.dll

dbghelp: loaded successfully - version: 4.0.5 - missing functions: none
symbol engine: initialized successfully - sym options: 0x614 - pdb path: .;C:\Users\ADMIN\.jdks\corretto-18.0.2\bin;C:\WINDOWS\SYSTEM32;C:\WINDOWS\WinSxS\amd64_microsoft.windows.common-controls_6595b64144ccf1df_6.0.22621.4830_none_270fe7d773858e80;C:\Users\ADMIN\.jdks\corretto-18.0.2\bin\server;C:\Program Files\JetBrains\IntelliJ IDEA Community Edition 2023.3.4\bin

VM Arguments:
jvm_args: -javaagent:C:\Program Files\JetBrains\IntelliJ IDEA Community Edition 2023.3.4\lib\idea_rt.jar=62803:C:\Program Files\JetBrains\IntelliJ IDEA Community Edition 2023.3.4\bin -Dfile.encoding=UTF-8 -Dsun.stdout.encoding=UTF-8 -Dsun.stderr.encoding=UTF-8 
java_command: com.theme.starterkit.StarterkitApplication
java_class_path (initial): D:\spring_demo1\starterkit\target\classes;C:\Users\ADMIN\.m2\repository\org\springframework\boot\spring-boot-starter-thymeleaf\2.7.3\spring-boot-starter-thymeleaf-2.7.3.jar;C:\Users\ADMIN\.m2\repository\org\springframework\boot\spring-boot-starter\2.7.3\spring-boot-starter-2.7.3.jar;C:\Users\ADMIN\.m2\repository\org\springframework\boot\spring-boot-starter-logging\2.7.3\spring-boot-starter-logging-2.7.3.jar;C:\Users\ADMIN\.m2\repository\ch\qos\logback\logback-classic\1.2.11\logback-classic-1.2.11.jar;C:\Users\ADMIN\.m2\repository\ch\qos\logback\logback-core\1.2.11\logback-core-1.2.11.jar;C:\Users\ADMIN\.m2\repository\org\apache\logging\log4j\log4j-to-slf4j\2.17.2\log4j-to-slf4j-2.17.2.jar;C:\Users\ADMIN\.m2\repository\org\apache\logging\log4j\log4j-api\2.17.2\log4j-api-2.17.2.jar;C:\Users\ADMIN\.m2\repository\org\slf4j\jul-to-slf4j\1.7.36\jul-to-slf4j-1.7.36.jar;C:\Users\ADMIN\.m2\repository\jakarta\annotation\jakarta.annotation-api\1.3.5\jakarta.annotation-api-1.3.5.jar;C:\Users\ADMIN\.m2\repository\org\yaml\snakeyaml\1.30\snakeyaml-1.30.jar;C:\Users\ADMIN\.m2\repository\org\thymeleaf\thymeleaf-spring5\3.0.15.RELEASE\thymeleaf-spring5-3.0.15.RELEASE.jar;C:\Users\ADMIN\.m2\repository\org\thymeleaf\extras\thymeleaf-extras-java8time\3.0.4.RELEASE\thymeleaf-extras-java8time-3.0.4.RELEASE.jar;C:\Users\ADMIN\.m2\repository\org\springframework\boot\spring-boot-starter-web\2.7.3\spring-boot-starter-web-2.7.3.jar;C:\Users\ADMIN\.m2\repository\org\springframework\boot\spring-boot-starter-json\2.7.3\spring-boot-starter-json-2.7.3.jar;C:\Users\ADMIN\.m2\repository\com\fasterxml\jackson\datatype\jackson-datatype-jdk8\2.13.3\jackson-datatype-jdk8-2.13.3.jar;C:\Users\ADMIN\.m2\repository\com\fasterxml\jackson\datatype\jackson-datatype-jsr310\2.13.3\jackson-datatype-jsr310-2.13.3.jar;C:\Users\ADMIN\.m2\repository\com\fasterxml\jackson\module\jackson-module-parameter-names\2.13.3\jackson-module-parameter-names-2.13.3.jar;C:\Users\ADMIN\.m2\repository\org\springframework\boot\spring-boot-starter-tomcat\2.7.3\spring-boot-starter-tomcat-2.7.3.jar;C:\Users\ADMIN\.m2\repository\org\apache\tomcat\embed\tomcat-embed-core\9.0.65\tomcat-embed-core-9.0.65.jar;C:\Users\ADMIN\.m2\repository\org\apache\tomcat\embed\tomcat-embed-el\9.0.65\tomcat-embed-el-9.0.65.jar;C:\Users\ADMIN\.m2\repository\org\apache\tomcat\embed\tomcat-embed-websocket\9.0.65\tomcat-embed-websocket-9.0.65.jar;C:\Users\ADMIN\.m2\repository\org\springframework\spring-web\5.3.22\spring-web-5.3.22.jar;C:\Users\ADMIN\.m2\repository\org\springframework\spring-webmvc\5.3.22\spring-webmvc-5.3.22.jar;C:\Users\ADMIN\.m2\repository\org\springframework\boot\spring-boot-devtools\2.7.3\spring-boot-devtools-2.7.3.jar;C:\Users\ADMIN\.m2\repository\org\springframework\boot\spring-boot\2.7.3\spring-boot-2.7.3.jar;C:\Users\ADMIN\.m2\repository\org\springframework\boot\spring-boot-autoconfigure\2.7.3\spring-boot-autoconfigure-2.7.3.jar;C:\Users\ADMIN\.m2\repository\jakarta\xml\bind\jakarta.xml.bind-api\2.3.3\jakarta.xml.bind-api-2.3.3.jar;C:\Users\ADMIN\.m2\repository\jakarta\activation\jakarta.activation-api\1.2.2\jakarta.activation-api-1.2.2.jar;C:\Users\ADMIN\.m2\repository\net\bytebuddy\byte-buddy\1.12.13\byte-buddy-1.12.13.jar;C:\Users\ADMIN\.m2\repository\org\springframework\spring-core\5.3.22\spring-core-5.3.22.jar;C:\Users\ADMIN\.m2\repository\org\springframework\spring-jcl\5.3.22\spring-jcl-5.3.22.jar;C:\Users\ADMIN\.m2\repository\com\fasterxml\jackson\core\jackson-databind\2.13.2\jackson-databind-2.13.2.jar;C:\Users\ADMIN\.m2\repository\com\fasterxml\jackson\core\jackson-annotations\2.13.3\jackson-annotations-2.13.3.jar;C:\Users\ADMIN\.m2\repository\com\fasterxml\jackson\core\jackson-core\2.13.3\jackson-core-2.13.3.jar;C:\Users\ADMIN\.m2\repository\nz\net\ultraq\thymeleaf\thymeleaf-layout-dialect\3.0.0\thymeleaf-layout-dialect-3.0.0.jar;C:\Users\ADMIN\.m2\repository\org\codehaus\groovy\groovy\3.0.12\groovy-3.0.12.jar;C:\Users\ADMIN\.m2\repository\nz\net\ultraq\extensions\groovy-extensions\1.1.0\groovy-extensions-1.1.0.jar;C:\Users\ADMIN\.m2\repository\nz\net\ultraq\thymeleaf\thymeleaf-expression-processor\3.0.0\thymeleaf-expression-processor-3.0.0.jar;C:\Users\ADMIN\.m2\repository\org\thymeleaf\thymeleaf\3.0.15.RELEASE\thymeleaf-3.0.15.RELEASE.jar;C:\Users\ADMIN\.m2\repository\ognl\ognl\3.1.26\ognl-3.1.26.jar;C:\Users\ADMIN\.m2\repository\org\javassist\javassist\3.20.0-GA\javassist-3.20.0-GA.jar;C:\Users\ADMIN\.m2\repository\org\attoparser\attoparser\2.0.5.RELEASE\attoparser-2.0.5.RELEASE.jar;C:\Users\ADMIN\.m2\repository\org\unbescape\unbescape\1.1.6.RELEASE\unbescape-1.1.6.RELEASE.jar;C:\Users\ADMIN\.m2\repository\org\springframework\boot\spring-boot-starter-security\2.7.3\spring-boot-starter-security-2.7.3.jar;C:\Users\ADMIN\.m2\repository\org\springframework\spring-aop\5.3.22\spring-aop-5.3.22.jar;C:\Users\ADMIN\.m2\repository\org\springframework\security\spring-security-config\5.7.3\spring-security-config-5.7.3.jar;C:\Users\ADMIN\.m2\repository\org\springframework\security\spring-security-web\5.7.3\spring-security-web-5.7.3.jar;C:\Users\ADMIN\.m2\repository\org\springframework\security\spring-security-taglibs\5.7.3\spring-security-taglibs-5.7.3.jar;C:\Users\ADMIN\.m2\repository\org\springframework\security\spring-security-acl\5.7.3\spring-security-acl-5.7.3.jar;C:\Users\ADMIN\.m2\repository\org\springframework\spring-jdbc\5.3.22\spring-jdbc-5.3.22.jar;C:\Users\ADMIN\.m2\repository\org\springframework\spring-tx\5.3.22\spring-tx-5.3.22.jar;C:\Users\ADMIN\.m2\repository\org\springframework\security\spring-security-core\5.7.3\spring-security-core-5.7.3.jar;C:\Users\ADMIN\.m2\repository\org\springframework\security\spring-security-crypto\5.7.3\spring-security-crypto-5.7.3.jar;C:\Users\ADMIN\.m2\repository\org\springframework\spring-beans\5.3.22\spring-beans-5.3.22.jar;C:\Users\ADMIN\.m2\repository\org\springframework\spring-context\5.3.22\spring-context-5.3.22.jar;C:\Users\ADMIN\.m2\repository\org\springframework\spring-expression\5.3.22\spring-expression-5.3.22.jar;C:\Users\ADMIN\.m2\repository\org\thymeleaf\extras\thymeleaf-extras-springsecurity5\3.0.4.RELEASE\thymeleaf-extras-springsecurity5-3.0.4.RELEASE.jar;C:\Users\ADMIN\.m2\repository\org\slf4j\slf4j-api\1.7.36\slf4j-api-1.7.36.jar;C:\Users\ADMIN\.m2\repository\javax\validation\validation-api\2.0.1.Final\validation-api-2.0.1.Final.jar;C:\Users\ADMIN\.m2\repository\mysql\mysql-connector-java\8.0.30\mysql-connector-java-8.0.30.jar;C:\Users\ADMIN\.m2\repository\org\projectlombok\lombok\1.18.24\lombok-1.18.24.jar;C:\Users\ADMIN\.m2\repository\jakarta\persistence\jakarta.persistence-api\2.2.3\jakarta.persistence-api-2.2.3.jar;C:\Users\ADMIN\.m2\repository\org\modelmapper\modelmapper\3.2.0\modelmapper-3.2.0.jar;C:\Users\ADMIN\.m2\repository\org\apache\httpcomponents\httpclient\4.5.13\httpclient-4.5.13.jar;C:\Users\ADMIN\.m2\repository\org\apache\httpcomponents\httpcore\4.4.15\httpcore-4.4.15.jar;C:\Users\ADMIN\.m2\repository\commons-codec\commons-codec\1.15\commons-codec-1.15.jar;C:\Users\ADMIN\.m2\repository\com\squareup\okhttp3\okhttp\4.10.0\okhttp-4.10.0.jar;C:\Users\ADMIN\.m2\repository\com\squareup\okio\okio-jvm\3.0.0\okio-jvm-3.0.0.jar;C:\Users\ADMIN\.m2\repository\org\jetbrains\kotlin\kotlin-stdlib-jdk8\1.6.21\kotlin-stdlib-jdk8-1.6.21.jar;C:\Users\ADMIN\.m2\repository\org\jetbrains\kotlin\kotlin-stdlib-jdk7\1.6.21\kotlin-stdlib-jdk7-1.6.21.jar;C:\Users\ADMIN\.m2\repository\org\jetbrains\kotlin\kotlin-stdlib-common\1.6.21\kotlin-stdlib-common-1.6.21.jar;C:\Users\ADMIN\.m2\repository\org\jetbrains\kotlin\kotlin-stdlib\1.6.21\kotlin-stdlib-1.6.21.jar;C:\Users\ADMIN\.m2\repository\org\jetbrains\annotations\13.0\annotations-13.0.jar;C:\Users\ADMIN\.m2\repository\org\springframework\boot\spring-boot-starter-data-jpa\2.7.3\spring-boot-starter-data-jpa-2.7.3.jar;C:\Users\ADMIN\.m2\repository\org\springframework\boot\spring-boot-starter-aop\2.7.3\spring-boot-starter-aop-2.7.3.jar;C:\Users\ADMIN\.m2\repository\org\aspectj\aspectjweaver\1.9.7\aspectjweaver-1.9.7.jar;C:\Users\ADMIN\.m2\repository\org\springframework\boot\spring-boot-starter-jdbc\2.7.3\spring-boot-starter-jdbc-2.7.3.jar;C:\Users\ADMIN\.m2\repository\com\zaxxer\HikariCP\4.0.3\HikariCP-4.0.3.jar;C:\Users\ADMIN\.m2\repository\jakarta\transaction\jakarta.transaction-api\1.3.3\jakarta.transaction-api-1.3.3.jar;C:\Users\ADMIN\.m2\repository\org\hibernate\hibernate-core\5.6.10.Final\hibernate-core-5.6.10.Final.jar;C:\Users\ADMIN\.m2\repository\org\jboss\logging\jboss-logging\3.4.3.Final\jboss-logging-3.4.3.Final.jar;C:\Users\ADMIN\.m2\repository\antlr\antlr\2.7.7\antlr-2.7.7.jar;C:\Users\ADMIN\.m2\repository\org\jboss\jandex\2.4.2.Final\jandex-2.4.2.Final.jar;C:\Users\ADMIN\.m2\repository\com\fasterxml\classmate\1.5.1\classmate-1.5.1.jar;C:\Users\ADMIN\.m2\repository\org\hibernate\common\hibernate-commons-annotations\5.1.2.Final\hibernate-commons-annotations-5.1.2.Final.jar;C:\Users\ADMIN\.m2\repository\org\glassfish\jaxb\jaxb-runtime\2.3.6\jaxb-runtime-2.3.6.jar;C:\Users\ADMIN\.m2\repository\org\glassfish\jaxb\txw2\2.3.6\txw2-2.3.6.jar;C:\Users\ADMIN\.m2\repository\com\sun\istack\istack-commons-runtime\3.0.12\istack-commons-runtime-3.0.12.jar;C:\Users\ADMIN\.m2\repository\org\springframework\data\spring-data-jpa\2.7.2\spring-data-jpa-2.7.2.jar;C:\Users\ADMIN\.m2\repository\org\springframework\data\spring-data-commons\2.7.2\spring-data-commons-2.7.2.jar;C:\Users\ADMIN\.m2\repository\org\springframework\spring-orm\5.3.22\spring-orm-5.3.22.jar;C:\Users\ADMIN\.m2\repository\org\springframework\spring-aspects\5.3.22\spring-aspects-5.3.22.jar;C:\Users\ADMIN\.m2\repository\org\springframework\boot\spring-boot-starter-mail\2.7.3\spring-boot-starter-mail-2.7.3.jar;C:\Users\ADMIN\.m2\repository\org\springframework\spring-context-support\5.3.22\spring-context-support-5.3.22.jar;C:\Users\ADMIN\.m2\repository\com\sun\mail\jakarta.mail\1.6.7\jakarta.mail-1.6.7.jar;C:\Users\ADMIN\.m2\repository\com\sun\activation\jakarta.activation\1.2.2\jakarta.activation-1.2.2.jar
Launcher Type: SUN_STANDARD

[Global flags]
     intx CICompilerCount                          = 4                                         {product} {ergonomic}
     uint ConcGCThreads                            = 3                                         {product} {ergonomic}
     uint G1ConcRefinementThreads                  = 10                                        {product} {ergonomic}
   size_t G1HeapRegionSize                         = 2097152                                   {product} {ergonomic}
    uintx GCDrainStackTargetSize                   = 64                                        {product} {ergonomic}
   size_t InitialHeapSize                          = 266338304                                 {product} {ergonomic}
   size_t MarkStackSize                            = 4194304                                   {product} {ergonomic}
   size_t MaxHeapSize                              = 4238344192                                {product} {ergonomic}
   size_t MaxNewSize                               = 2541748224                                {product} {ergonomic}
   size_t MinHeapDeltaBytes                        = 2097152                                   {product} {ergonomic}
   size_t MinHeapSize                              = 8388608                                   {product} {ergonomic}
    uintx NonNMethodCodeHeapSize                   = 5839372                                {pd product} {ergonomic}
    uintx NonProfiledCodeHeapSize                  = 122909434                              {pd product} {ergonomic}
    uintx ProfiledCodeHeapSize                     = 122909434                              {pd product} {ergonomic}
    uintx ReservedCodeCacheSize                    = 251658240                              {pd product} {ergonomic}
     bool SegmentedCodeCache                       = true                                      {product} {ergonomic}
   size_t SoftMaxHeapSize                          = 4238344192                             {manageable} {ergonomic}
     bool UseCompressedClassPointers               = true                           {product lp64_product} {ergonomic}
     bool UseCompressedOops                        = true                           {product lp64_product} {ergonomic}
     bool UseG1GC                                  = true                                      {product} {ergonomic}
     bool UseLargePagesIndividualAllocation        = false                                  {pd product} {ergonomic}

Logging:
Log output configuration:
 #0: stdout all=warning uptime,level,tags foldmultilines=false
 #1: stderr all=off uptime,level,tags foldmultilines=false

Environment Variables:
JAVA_HOME=C:\Program Files\Java\jdk-17
PATH=C:\Program Files\Common Files\Oracle\Java\javapath;C:\Program Files (x86)\Common Files\Oracle\Java\javapath;C:\Windows\system32;C:\Windows;C:\Windows\System32\Wbem;C:\Windows\System32\WindowsPowerShell\v1.0\;C:\Windows\System32\OpenSSH\;C:\Program Files (x86)\NVIDIA Corporation\PhysX\Common;C:\Program Files\NVIDIA Corporation\NVIDIA NvDLISR;C:\Program Files\Git\cmd;D:\xampp\php;C:\WINDOWS\system32;C:\WINDOWS;C:\WINDOWS\System32\Wbem;C:\WINDOWS\System32\WindowsPowerShell\v1.0\;C:\WINDOWS\System32\OpenSSH\;C:\Users\ADMIN\AppData\Local\Programs\Python\Python311;C:\Users\ADMIN\AppData\Local\Programs\Python\Python311\Scripts;C:\Program Files (x86)\Microsoft SQL Server\160\Tools\Binn\;C:\Program Files\Microsoft SQL Server\160\Tools\Binn\;C:\Program Files\Microsoft SQL Server\Client SDK\ODBC\170\Tools\Binn\;C:\Program Files\Microsoft SQL Server\160\DTS\Binn\;C:\Program Files (x86)\Microsoft SQL Server\160\DTS\Binn\;C:\Program Files\Azure Data Studio\bin;C:\Program Files\Java\jdk-17\bin;C:\Program Files\Cloudflare\Cloudflare WARP\;C:\Program Files\dotnet\;C:\Users\ADMIN\AppData\Local\Android\Sdk\platform-tools;C:\Users\ADMIN\AppData\Local\Android\Sdk\tools;D:\apache-maven-3.9.9\bin;D:\PostgreSQL\17\bin;C:\Program Files\nodejs\;C:\Users\ADMIN\AppData\Local\Programs\Python\Python311\Scripts\;C:\Users\ADMIN\AppData\Local\Programs\Python\Python311\;C:\Users\ADMIN\AppData\Local\Microsoft\WindowsApps;C:\Users\ADMIN\AppData\Local\Programs\Microsoft VS Code\bin;C:\msys64\mingw64\bin;C:\Program Files\Azure Data Studio\bin;C:\modeltech64_2020.4\win64;C:\Program Files\JetBrains\IntelliJ IDEA Community Edition 2023.3.4\bin;;C:\Users\ADMIN\AppData\Local\GitHubDesktop\bin;C:\Users\ADMIN\.dotnet\tools;D:\quartus\modelsim_ase\win32aloem;D:\apache-maven-3.9.9\bin;C:\Users\ADMIN\AppData\Roaming\npm
USERNAME=ADMIN
OS=Windows_NT
PROCESSOR_IDENTIFIER=Intel64 Family 6 Model 141 Stepping 1, GenuineIntel



---------------  S Y S T E M  ---------------

OS:
 Windows 11 , 64 bit Build 22621 (10.0.22621.4830)
OS uptime: 1 days 4:26 hours
Hyper-V role detected

CPU: total 12 (initial active 12) (6 cores per cpu, 2 threads per core) family 6 model 141 stepping 1 microcode 0x34, cx8, cmov, fxsr, ht, mmx, 3dnowpref, sse, sse2, sse3, ssse3, sse4.1, sse4.2, popcnt, lzcnt, tsc, tscinvbit, avx, avx2, aes, erms, clmul, bmi1, bmi2, adx, avx512f, avx512dq, avx512cd, avx512bw, avx512vl, sha, fma, vzeroupper, avx512_vpopcntdq, avx512_vpclmulqdq, avx512_vaes, avx512_vnni, clflush, clflushopt, clwb, avx512_vbmi2, avx512_vbmi, hv

Memory: 4k page, system-wide physical 16163M (707M free)
TotalPageFile size 24355M (AvailPageFile size 3M)
current process WorkingSet (physical memory assigned to process): 425M, peak: 439M
current process commit charge ("private bytes"): 469M, peak: 483M

vm_info: OpenJDK 64-Bit Server VM (18.0.2+9-FR) for windows-amd64 JRE (18.0.2+9-FR), built on Jul 15 2022 20:03:03 by "Administrator" with MS VC++ 15.9 (VS2017)

END.
