version 2
JvmtiExport can_access_local_variables 0
JvmtiExport can_hotswap_or_post_breakpoint 0
JvmtiExport can_post_on_exceptions 0
# 259 ciObject found
instanceKlass org/springframework/boot/devtools/filewatch/DirectorySnapshot
ciInstanceKlass java/lang/Cloneable 1 0 7 100 1 100 1 1 1
# instanceKlass java/lang/invoke/LambdaForm$MH+0x0000000801115400
instanceKlass java/lang/invoke/MethodHandleImpl$CountingWrapper$1
# instanceKlass java/lang/invoke/LambdaForm$MH+0x0000000801115000
# instanceKlass java/lang/invoke/LambdaForm$MH+0x0000000801114c00
# instanceKlass java/lang/invoke/LambdaForm$MH+0x0000000801114800
# instanceKlass java/lang/invoke/LambdaForm$MH+0x0000000801114400
# instanceKlass java/lang/invoke/LambdaForm$MH+0x0000000801114000
instanceKlass org/springframework/web/bind/annotation/RequestAttribute
instanceKlass org/springframework/web/bind/annotation/SessionAttribute
instanceKlass org/springframework/web/bind/annotation/CookieValue
instanceKlass org/springframework/web/bind/annotation/RequestHeader
instanceKlass org/springframework/web/bind/annotation/RequestBody
instanceKlass org/springframework/web/bind/annotation/MatrixVariable
instanceKlass org/springframework/web/bind/annotation/PathVariable
instanceKlass org/springframework/web/multipart/MultipartFile
instanceKlass org/springframework/web/multipart/support/MultipartResolutionDelegate
instanceKlass org/springframework/web/bind/annotation/RequestPart
instanceKlass org/springframework/web/bind/annotation/RequestParam
instanceKlass javax/servlet/ServletRequestWrapper
instanceKlass org/apache/catalina/core/ApplicationDispatcher$State
instanceKlass org/apache/catalina/core/ApplicationContext$DispatchData
instanceKlass jdk/internal/access/foreign/MemorySegmentProxy
instanceKlass org/springframework/util/StreamUtils
instanceKlass org/apache/coyote/Constants
# instanceKlass org/springframework/http/server/ServletServerHttpResponse$$Lambda$869+0x000000080110b058
# instanceKlass org/springframework/http/server/ServletServerHttpResponse$$Lambda$868+0x000000080110ae38
# instanceKlass org/springframework/http/server/ServletServerHttpResponse$$Lambda$865+0x000000080110ac18
instanceKlass  @bci org/springframework/http/server/ServletServerHttpResponse writeHeaders ()V 12 <appendix> member <vmtarget> ; # org/springframework/http/server/ServletServerHttpResponse$$Lambda$866+0x000000080110a9f8
# instanceKlass org/springframework/http/server/ServletServerHttpResponse$$Lambda$867+0x000000080110a7d8
instanceKlass org/springframework/http/StreamingHttpOutputMessage
instanceKlass java/time/temporal/TemporalQueries$7
instanceKlass java/time/temporal/TemporalQueries$6
instanceKlass java/time/temporal/TemporalQueries$5
instanceKlass java/time/temporal/TemporalQueries$4
instanceKlass java/time/temporal/TemporalQueries$3
instanceKlass java/time/temporal/TemporalQueries$2
instanceKlass java/time/temporal/TemporalQueries$1
instanceKlass java/time/temporal/TemporalQueries
instanceKlass org/springframework/http/server/ServletServerHttpResponse
instanceKlass org/springframework/web/servlet/resource/HttpResource
instanceKlass org/springframework/web/util/UriUtils
instanceKlass org/springframework/web/servlet/mvc/LastModified
instanceKlass org/springframework/web/servlet/handler/AbstractHandlerMapping$CorsInterceptor
instanceKlass org/springframework/web/servlet/handler/AbstractUrlHandlerMapping$PathExposingHandlerInterceptor
instanceKlass  @bci org/springframework/http/server/DefaultPathContainer subPath (Lorg/springframework/http/server/PathContainer;II)Lorg/springframework/http/server/PathContainer; 125 <appendix> argL0 ; # org/springframework/http/server/DefaultPathContainer$$Lambda$864+0x000000080110e2c0
instanceKlass java/util/ArrayList$SubList$2
instanceKlass  @bci org/springframework/http/server/DefaultPathContainer subPath (Lorg/springframework/http/server/PathContainer;II)Lorg/springframework/http/server/PathContainer; 100 <appendix> member <vmtarget> ; # org/springframework/http/server/DefaultPathContainer$$Lambda$863+0x000000080110e0b8
instanceKlass  @cpi org/springframework/http/server/DefaultPathContainer 245 form vmentry <vmtarget> ; # java/lang/invoke/LambdaForm$DMH+0x0000000801109400
instanceKlass  @bci org/springframework/http/server/DefaultPathContainer subPath (Lorg/springframework/http/server/PathContainer;II)Lorg/springframework/http/server/PathContainer; 80 <appendix> member <vmtarget> ; # org/springframework/http/server/DefaultPathContainer$$Lambda$862+0x000000080110deb0
instanceKlass  @bci org/springframework/http/server/DefaultPathContainer subPath (Lorg/springframework/http/server/PathContainer;II)Lorg/springframework/http/server/PathContainer; 52 <appendix> member <vmtarget> ; # org/springframework/http/server/DefaultPathContainer$$Lambda$861+0x000000080110dca8
instanceKlass org/springframework/web/servlet/mvc/method/RequestMappingInfoHandlerMapping$PartialMatchHelper
instanceKlass org/apache/tomcat/util/buf/HexUtils
instanceKlass org/apache/coyote/http11/Constants
instanceKlass org/thymeleaf/util/EvaluationUtils
instanceKlass org/thymeleaf/standard/processor/StandardTextTagProcessor$1
instanceKlass  @bci com/theme/starterkit/libs/KTTheme printHtmlAttributes (Ljava/lang/String;)Ljava/lang/String; 35 <appendix> member <vmtarget> ; # com/theme/starterkit/libs/KTTheme$$Lambda$860+0x0000000800f87468
instanceKlass  @bci com/theme/starterkit/libs/KTTheme getGlobalAssets (Ljava/lang/String;)[Ljava/lang/String; 46 <appendix> member <vmtarget> ; # com/theme/starterkit/libs/KTTheme$$Lambda$859+0x0000000800f87248
instanceKlass  @bci com/theme/starterkit/libs/KTTheme getVendors (Ljava/lang/String;)[Ljava/lang/String; 24 <appendix> member <vmtarget> ; # com/theme/starterkit/libs/KTTheme$$Lambda$858+0x0000000800f87028
instanceKlass org/apache/tomcat/util/buf/UriUtil
instanceKlass org/thymeleaf/engine/IteratedGatheringModelProcessable$IterationModels
instanceKlass org/thymeleaf/engine/DataDrivenTemplateIterator
instanceKlass org/thymeleaf/engine/IterationStatusVar
instanceKlass org/thymeleaf/engine/IteratedGatheringModelProcessable$1
instanceKlass org/thymeleaf/standard/expression/EachUtils
instanceKlass org/thymeleaf/standard/util/StandardProcessorUtils
instanceKlass org/thymeleaf/spring5/context/SpringContextUtils
instanceKlass org/thymeleaf/spring5/requestdata/RequestDataValueProcessorUtils
instanceKlass org/thymeleaf/standard/util/StandardConditionalCommentUtils
instanceKlass org/thymeleaf/inline/NoOpInliner
instanceKlass org/thymeleaf/engine/Attribute$1
instanceKlass org/unbescape/html/Html5EscapeSymbolsInitializer
instanceKlass org/unbescape/html/HtmlEscapeSymbols$1
instanceKlass org/unbescape/html/HtmlEscapeSymbols$Reference
instanceKlass org/unbescape/html/HtmlEscapeSymbols$References
instanceKlass org/unbescape/html/Html4EscapeSymbolsInitializer
instanceKlass org/unbescape/html/HtmlEscapeSymbols
instanceKlass org/unbescape/html/HtmlEscapeUtil
instanceKlass org/thymeleaf/standard/expression/NoOpToken
instanceKlass org/thymeleaf/standard/expression/Assignation
instanceKlass org/thymeleaf/spring5/util/SpringStandardExpressionUtils
instanceKlass org/thymeleaf/standard/expression/AssignationUtils
instanceKlass org/thymeleaf/engine/EngineEventUtils
# instanceKlass java/lang/invoke/LambdaForm$MH+0x0000000801109000
# instanceKlass java/lang/invoke/LambdaForm$MH+0x0000000801108c00
# instanceKlass java/lang/invoke/LambdaForm$MH+0x0000000801108800
# instanceKlass java/lang/invoke/LambdaForm$MH+0x0000000801108400
# instanceKlass java/lang/invoke/LambdaForm$MH+0x0000000801108000
# instanceKlass java/lang/invoke/LambdaForm$MH+0x0000000801101c00
instanceKlass nz/net/ultraq/thymeleaf/layoutdialect/models/extensions/ChildModelIterator
instanceKlass org/attoparser/ParsingDocTypeMarkupUtil
instanceKlass org/attoparser/ParsingCDATASectionMarkupUtil
instanceKlass org/thymeleaf/util/ArrayUtils
instanceKlass  @bci org/codehaus/groovy/runtime/metaclass/ClosureMetaClass assignMethodChooser ()V 138 <appendix> member <vmtarget> ; # org/codehaus/groovy/runtime/metaclass/ClosureMetaClass$$Lambda$857+0x00000008010fdc40
# instanceKlass java/lang/invoke/LambdaForm$MH+0x0000000801101800
# instanceKlass java/lang/invoke/LambdaForm$MH+0x0000000801101400
# instanceKlass java/lang/invoke/LambdaForm$MH+0x0000000801101000
# instanceKlass java/lang/invoke/LambdaForm$MH+0x0000000801100c00
# instanceKlass java/lang/invoke/LambdaForm$MH+0x0000000801100800
# instanceKlass java/lang/invoke/LambdaForm$MH+0x0000000801100400
# instanceKlass java/lang/invoke/LambdaForm$MH+0x0000000801100000
# instanceKlass java/lang/invoke/LambdaForm$BMH+0x00000008010fbc00
# instanceKlass java/lang/invoke/LambdaForm$DMH+0x00000008010fb800
# instanceKlass java/lang/invoke/LambdaForm$DMH+0x00000008010fb400
# instanceKlass java/lang/invoke/LambdaForm$MH+0x00000008010fb000
instanceKlass  @bci org/codehaus/groovy/runtime/metaclass/ClosureMetaClass assignMethodChooser ()V 191 <appendix> member <vmtarget> ; # org/codehaus/groovy/runtime/metaclass/ClosureMetaClass$$Lambda$856+0x00000008010fd658
# instanceKlass java/lang/invoke/LambdaForm$MH+0x00000008010fac00
# instanceKlass java/lang/invoke/LambdaForm$MH+0x00000008010fa800
# instanceKlass java/lang/invoke/LambdaForm$MH+0x00000008010fa400
# instanceKlass java/lang/invoke/LambdaForm$MH+0x00000008010fa000
# instanceKlass java/lang/invoke/LambdaForm$MH+0x00000008010f9c00
# instanceKlass java/lang/invoke/LambdaForm$MH+0x00000008010f9800
# instanceKlass java/lang/invoke/LambdaForm$MH+0x00000008010f9400
# instanceKlass java/lang/invoke/LambdaForm$MH+0x00000008010f9000
# instanceKlass java/lang/invoke/LambdaForm$MH+0x00000008010f8c00
# instanceKlass java/lang/invoke/LambdaForm$MH+0x00000008010f8800
# instanceKlass java/lang/invoke/LambdaForm$MH+0x00000008010f8400
instanceKlass org/codehaus/groovy/util/ArrayIterator
instanceKlass nz/net/ultraq/thymeleaf/layoutdialect/decorators/html/HtmlBodyDecorator
# instanceKlass java/lang/invoke/LambdaForm$MH+0x00000008010f8000
# instanceKlass java/lang/invoke/LambdaForm$MH+0x00000008010f3c00
# instanceKlass java/lang/invoke/LambdaForm$MH+0x00000008010f3800
# instanceKlass java/lang/invoke/LambdaForm$MH+0x00000008010f3400
# instanceKlass java/lang/invoke/LambdaForm$MH+0x00000008010f3000
# instanceKlass java/lang/invoke/LambdaForm$MH+0x00000008010f2c00
# instanceKlass java/lang/invoke/LambdaForm$MH+0x00000008010f2800
# instanceKlass java/lang/invoke/LambdaForm$BMH+0x00000008010f2400
# instanceKlass java/lang/invoke/LambdaForm$DMH+0x00000008010f2000
# instanceKlass java/lang/invoke/LambdaForm$DMH+0x00000008010f1400
instanceKlass nz/net/ultraq/thymeleaf/layoutdialect/models/ElementMerger
# instanceKlass java/lang/invoke/LambdaForm$MH+0x00000008010f1000
# instanceKlass java/lang/invoke/LambdaForm$MH+0x00000008010f0c00
# instanceKlass java/lang/invoke/LambdaForm$MH+0x00000008010f0800
# instanceKlass java/lang/invoke/LambdaForm$MH+0x00000008010f0400
# instanceKlass java/lang/invoke/LambdaForm$MH+0x00000008010f0000
instanceKlass nz/net/ultraq/thymeleaf/layoutdialect/decorators/html/HtmlTitleDecorator
instanceKlass nz/net/ultraq/thymeleaf/layoutdialect/models/AttributeMerger
instanceKlass nz/net/ultraq/thymeleaf/layoutdialect/models/ModelMerger
instanceKlass nz/net/ultraq/thymeleaf/layoutdialect/decorators/html/HtmlHeadDecorator
# instanceKlass java/lang/invoke/LambdaForm$MH+0x00000008010ed400
# instanceKlass java/lang/invoke/LambdaForm$MH+0x00000008010ed000
# instanceKlass java/lang/invoke/LambdaForm$MH+0x00000008010ecc00
# instanceKlass java/lang/invoke/LambdaForm$MH+0x00000008010ec800
# instanceKlass java/lang/invoke/LambdaForm$MH+0x00000008010ec400
# instanceKlass java/lang/invoke/LambdaForm$MH+0x00000008010ec000
# instanceKlass java/lang/invoke/LambdaForm$MH+0x00000008010eb400
# instanceKlass java/lang/invoke/LambdaForm$MH+0x00000008010eb000
# instanceKlass java/lang/invoke/LambdaForm$MH+0x00000008010eac00
# instanceKlass java/lang/invoke/LambdaForm$DMH+0x00000008010ea800
# instanceKlass java/lang/invoke/LambdaForm$DMH+0x00000008010ea400
instanceKlass nz/net/ultraq/thymeleaf/layoutdialect/decorators/xml/XmlDocumentDecorator
instanceKlass nz/net/ultraq/thymeleaf/layoutdialect/decorators/Decorator
# instanceKlass java/lang/invoke/LambdaForm$MH+0x00000008010ea000
# instanceKlass java/lang/invoke/LambdaForm$MH+0x00000008010e9c00
# instanceKlass java/lang/invoke/LambdaForm$MH+0x00000008010e9800
instanceKlass nz/net/ultraq/thymeleaf/layoutdialect/fragments/FragmentFinder
instanceKlass org/thymeleaf/standard/expression/LiteralValue
instanceKlass org/springframework/expression/spel/CodeFlow
instanceKlass org/springframework/expression/spel/ast/MethodReference$CachedMethodExecutor
instanceKlass  @bci org/springframework/util/ClassUtils getInterfaceMethodIfPossible (Ljava/lang/reflect/Method;Ljava/lang/Class;)Ljava/lang/reflect/Method; 26 <appendix> argL0 ; # org/springframework/util/ClassUtils$$Lambda$855+0x00000008010e3f60
instanceKlass org/springframework/expression/spel/support/ReflectiveMethodExecutor
instanceKlass org/springframework/expression/spel/support/ReflectionHelper$ArgumentsMatchInfo
instanceKlass org/springframework/expression/spel/support/ReflectionHelper
instanceKlass  @bci org/springframework/expression/spel/support/ReflectiveMethodResolver resolve (Lorg/springframework/expression/EvaluationContext;Ljava/lang/Object;Ljava/lang/String;Ljava/util/List;)Lorg/springframework/expression/MethodExecutor; 125 <appendix> argL0 ; # org/springframework/expression/spel/support/ReflectiveMethodResolver$$Lambda$854+0x00000008010e32a8
instanceKlass org/thymeleaf/util/ExpressionUtils
instanceKlass org/springframework/expression/spel/ast/MethodReference$MethodValueRef
instanceKlass org/springframework/expression/spel/ExpressionState
instanceKlass org/thymeleaf/spring5/expression/SPELContextMapWrapper
instanceKlass org/thymeleaf/context/ILazyContextVariable
instanceKlass org/thymeleaf/spring5/expression/SPELVariableExpressionEvaluator$ComputedSpelExpression
instanceKlass org/springframework/expression/spel/standard/SpelExpression
instanceKlass org/springframework/expression/spel/ast/ValueRef
instanceKlass org/springframework/expression/spel/standard/Token
instanceKlass org/springframework/expression/spel/standard/Tokenizer
instanceKlass  @bci java/util/regex/Pattern union (Ljava/util/regex/Pattern$CharPredicate;Ljava/util/regex/Pattern$CharPredicate;Z)Ljava/util/regex/Pattern$CharPredicate; 14 <appendix> member <vmtarget> ; # java/util/regex/Pattern$$Lambda$853+0x0000000800f65638
instanceKlass org/springframework/expression/spel/ast/SpelNodeImpl
instanceKlass org/springframework/expression/spel/SpelNode
instanceKlass org/thymeleaf/standard/util/StandardExpressionUtils
instanceKlass org/thymeleaf/spring5/expression/SpringStandardExpressions
instanceKlass org/thymeleaf/standard/expression/Fragment
instanceKlass org/thymeleaf/standard/expression/FragmentExpression$ExecutedFragmentExpression
# instanceKlass java/lang/invoke/LambdaForm$MH+0x00000008010d1800
instanceKlass org/thymeleaf/cache/StandardCache$CacheEntry
instanceKlass org/thymeleaf/standard/expression/ExpressionParsingNode
instanceKlass org/thymeleaf/standard/expression/LiteralSubstitutionUtil
instanceKlass org/thymeleaf/standard/expression/ExpressionParsingUtil
instanceKlass org/thymeleaf/cache/ExpressionCacheKey
instanceKlass org/thymeleaf/standard/expression/ExpressionCache
instanceKlass org/thymeleaf/standard/expression/StandardExpressionPreprocessor
# instanceKlass java/lang/invoke/LambdaForm$MH+0x00000008010d1400
# instanceKlass java/lang/invoke/LambdaForm$MH+0x00000008010d1000
# instanceKlass java/lang/invoke/LambdaForm$MH+0x00000008010d0c00
instanceKlass org/thymeleaf/standard/expression/Each
instanceKlass org/thymeleaf/standard/expression/AssignationSequence
instanceKlass org/thymeleaf/standard/expression/FragmentSignature
instanceKlass org/thymeleaf/standard/expression/ExpressionSequence
# instanceKlass java/lang/invoke/LambdaForm$MH+0x00000008010d0800
instanceKlass org/thymeleaf/standard/expression/StandardExpressions
# instanceKlass java/lang/invoke/LambdaForm$MH+0x00000008010d0400
# instanceKlass java/lang/invoke/LambdaForm$MH+0x00000008010d0000
# instanceKlass java/lang/invoke/LambdaForm$MH+0x00000008010cf400
instanceKlass org/codehaus/groovy/runtime/RegexSupport
instanceKlass org/w3c/dom/Element
# instanceKlass java/lang/invoke/LambdaForm$MH+0x00000008010cf000
# instanceKlass java/lang/invoke/LambdaForm$MH+0x00000008010cec00
# instanceKlass java/lang/invoke/LambdaForm$MH+0x00000008010ce800
# instanceKlass java/lang/invoke/LambdaForm$MH+0x00000008010ce400
# instanceKlass java/lang/invoke/LambdaForm$MH+0x00000008010ce000
instanceKlass nz/net/ultraq/thymeleaf/expressionprocessor/ExpressionProcessor
instanceKlass org/codehaus/groovy/runtime/typehandling/NumberMath
instanceKlass jdk/internal/ValueBased
instanceKlass  @bci org/codehaus/groovy/runtime/typehandling/NumberMathModificationInfo checkNumberOps (Ljava/lang/String;Ljava/lang/Class;)V 202 <appendix> member <vmtarget> ; # org/codehaus/groovy/runtime/typehandling/NumberMathModificationInfo$$Lambda$852+0x00000008010c8ee0
instanceKlass  @bci org/codehaus/groovy/runtime/typehandling/NumberMathModificationInfo checkNumberOps (Ljava/lang/String;Ljava/lang/Class;)V 196 <appendix> member <vmtarget> ; # org/codehaus/groovy/runtime/typehandling/NumberMathModificationInfo$$Lambda$851+0x00000008010c8cc0
instanceKlass  @bci org/codehaus/groovy/runtime/typehandling/NumberMathModificationInfo checkNumberOps (Ljava/lang/String;Ljava/lang/Class;)V 190 <appendix> member <vmtarget> ; # org/codehaus/groovy/runtime/typehandling/NumberMathModificationInfo$$Lambda$850+0x00000008010c8aa0
instanceKlass  @bci org/codehaus/groovy/runtime/typehandling/NumberMathModificationInfo checkNumberOps (Ljava/lang/String;Ljava/lang/Class;)V 184 <appendix> member <vmtarget> ; # org/codehaus/groovy/runtime/typehandling/NumberMathModificationInfo$$Lambda$849+0x00000008010c8880
instanceKlass  @bci org/codehaus/groovy/runtime/typehandling/NumberMathModificationInfo checkNumberOps (Ljava/lang/String;Ljava/lang/Class;)V 178 <appendix> member <vmtarget> ; # org/codehaus/groovy/runtime/typehandling/NumberMathModificationInfo$$Lambda$848+0x00000008010c8660
instanceKlass  @bci org/codehaus/groovy/runtime/typehandling/NumberMathModificationInfo checkNumberOps (Ljava/lang/String;Ljava/lang/Class;)V 172 <appendix> member <vmtarget> ; # org/codehaus/groovy/runtime/typehandling/NumberMathModificationInfo$$Lambda$847+0x00000008010c8440
instanceKlass  @bci org/codehaus/groovy/runtime/typehandling/NumberMathModificationInfo checkNumberOps (Ljava/lang/String;Ljava/lang/Class;)V 95 <appendix> member <vmtarget> ; # org/codehaus/groovy/runtime/typehandling/NumberMathModificationInfo$$Lambda$846+0x00000008010c8220
instanceKlass  @bci org/codehaus/groovy/runtime/typehandling/NumberMathModificationInfo checkNumberOps (Ljava/lang/String;Ljava/lang/Class;)V 89 <appendix> member <vmtarget> ; # org/codehaus/groovy/runtime/typehandling/NumberMathModificationInfo$$Lambda$845+0x00000008010c8000
instanceKlass  @bci org/codehaus/groovy/runtime/typehandling/NumberMathModificationInfo checkNumberOps (Ljava/lang/String;Ljava/lang/Class;)V 83 <appendix> member <vmtarget> ; # org/codehaus/groovy/runtime/typehandling/NumberMathModificationInfo$$Lambda$844+0x00000008010c1400
instanceKlass  @bci org/codehaus/groovy/runtime/typehandling/NumberMathModificationInfo checkNumberOps (Ljava/lang/String;Ljava/lang/Class;)V 77 <appendix> member <vmtarget> ; # org/codehaus/groovy/runtime/typehandling/NumberMathModificationInfo$$Lambda$843+0x00000008010c1c40
instanceKlass  @bci org/codehaus/groovy/runtime/typehandling/NumberMathModificationInfo checkNumberOps (Ljava/lang/String;Ljava/lang/Class;)V 71 <appendix> member <vmtarget> ; # org/codehaus/groovy/runtime/typehandling/NumberMathModificationInfo$$Lambda$842+0x00000008010c1a20
instanceKlass  @bci org/codehaus/groovy/runtime/typehandling/NumberMathModificationInfo checkNumberOps (Ljava/lang/String;Ljava/lang/Class;)V 65 <appendix> member <vmtarget> ; # org/codehaus/groovy/runtime/typehandling/NumberMathModificationInfo$$Lambda$841+0x00000008010c1800
instanceKlass  @bci org/codehaus/groovy/runtime/typehandling/NumberMathModificationInfo checkNumberOps (Ljava/lang/String;Ljava/lang/Class;)V 148 <appendix> member <vmtarget> ; # org/codehaus/groovy/runtime/typehandling/NumberMathModificationInfo$$Lambda$840+0x00000008010c3dc0
instanceKlass  @bci org/codehaus/groovy/runtime/typehandling/NumberMathModificationInfo checkNumberOps (Ljava/lang/String;Ljava/lang/Class;)V 142 <appendix> member <vmtarget> ; # org/codehaus/groovy/runtime/typehandling/NumberMathModificationInfo$$Lambda$839+0x00000008010c3ba0
instanceKlass  @bci org/codehaus/groovy/runtime/typehandling/NumberMathModificationInfo checkNumberOps (Ljava/lang/String;Ljava/lang/Class;)V 136 <appendix> member <vmtarget> ; # org/codehaus/groovy/runtime/typehandling/NumberMathModificationInfo$$Lambda$838+0x00000008010c3980
instanceKlass  @bci org/codehaus/groovy/runtime/typehandling/NumberMathModificationInfo checkNumberOps (Ljava/lang/String;Ljava/lang/Class;)V 130 <appendix> member <vmtarget> ; # org/codehaus/groovy/runtime/typehandling/NumberMathModificationInfo$$Lambda$837+0x00000008010c3760
instanceKlass  @bci org/codehaus/groovy/runtime/typehandling/NumberMathModificationInfo checkNumberOps (Ljava/lang/String;Ljava/lang/Class;)V 124 <appendix> member <vmtarget> ; # org/codehaus/groovy/runtime/typehandling/NumberMathModificationInfo$$Lambda$836+0x00000008010c3540
instanceKlass  @bci org/codehaus/groovy/runtime/typehandling/NumberMathModificationInfo checkNumberOps (Ljava/lang/String;Ljava/lang/Class;)V 118 <appendix> member <vmtarget> ; # org/codehaus/groovy/runtime/typehandling/NumberMathModificationInfo$$Lambda$835+0x00000008010c3320
instanceKlass  @bci org/codehaus/groovy/runtime/typehandling/NumberMathModificationInfo checkNumberOps (Ljava/lang/String;Ljava/lang/Class;)V 42 <appendix> member <vmtarget> ; # org/codehaus/groovy/runtime/typehandling/NumberMathModificationInfo$$Lambda$834+0x00000008010c3100
instanceKlass  @bci org/codehaus/groovy/runtime/typehandling/NumberMathModificationInfo checkNumberOps (Ljava/lang/String;Ljava/lang/Class;)V 36 <appendix> member <vmtarget> ; # org/codehaus/groovy/runtime/typehandling/NumberMathModificationInfo$$Lambda$833+0x00000008010c2ee0
instanceKlass  @bci org/codehaus/groovy/runtime/typehandling/NumberMathModificationInfo checkNumberOps (Ljava/lang/String;Ljava/lang/Class;)V 30 <appendix> member <vmtarget> ; # org/codehaus/groovy/runtime/typehandling/NumberMathModificationInfo$$Lambda$832+0x00000008010c2cc0
instanceKlass  @bci org/codehaus/groovy/runtime/typehandling/NumberMathModificationInfo checkNumberOps (Ljava/lang/String;Ljava/lang/Class;)V 24 <appendix> member <vmtarget> ; # org/codehaus/groovy/runtime/typehandling/NumberMathModificationInfo$$Lambda$831+0x00000008010c2aa0
instanceKlass  @bci org/codehaus/groovy/runtime/typehandling/NumberMathModificationInfo checkNumberOps (Ljava/lang/String;Ljava/lang/Class;)V 18 <appendix> member <vmtarget> ; # org/codehaus/groovy/runtime/typehandling/NumberMathModificationInfo$$Lambda$830+0x00000008010c2880
instanceKlass  @bci org/codehaus/groovy/runtime/typehandling/NumberMathModificationInfo checkNumberOps (Ljava/lang/String;Ljava/lang/Class;)V 12 <appendix> member <vmtarget> ; # org/codehaus/groovy/runtime/typehandling/NumberMathModificationInfo$$Lambda$829+0x00000008010c2660
instanceKlass  @bci org/codehaus/groovy/runtime/typehandling/NumberMathModificationInfo checkNumberOps (Ljava/lang/String;Ljava/lang/Class;)V 364 <appendix> member <vmtarget> ; # org/codehaus/groovy/runtime/typehandling/NumberMathModificationInfo$$Lambda$828+0x00000008010c2440
instanceKlass  @bci org/codehaus/groovy/runtime/typehandling/NumberMathModificationInfo checkNumberOps (Ljava/lang/String;Ljava/lang/Class;)V 358 <appendix> member <vmtarget> ; # org/codehaus/groovy/runtime/typehandling/NumberMathModificationInfo$$Lambda$827+0x00000008010c2220
instanceKlass  @bci org/codehaus/groovy/runtime/typehandling/NumberMathModificationInfo checkNumberOps (Ljava/lang/String;Ljava/lang/Class;)V 352 <appendix> member <vmtarget> ; # org/codehaus/groovy/runtime/typehandling/NumberMathModificationInfo$$Lambda$826+0x00000008010c2000
instanceKlass  @bci org/codehaus/groovy/runtime/typehandling/NumberMathModificationInfo checkNumberOps (Ljava/lang/String;Ljava/lang/Class;)V 346 <appendix> member <vmtarget> ; # org/codehaus/groovy/runtime/typehandling/NumberMathModificationInfo$$Lambda$825+0x00000008010c7da0
instanceKlass  @bci org/codehaus/groovy/runtime/typehandling/NumberMathModificationInfo checkNumberOps (Ljava/lang/String;Ljava/lang/Class;)V 340 <appendix> member <vmtarget> ; # org/codehaus/groovy/runtime/typehandling/NumberMathModificationInfo$$Lambda$824+0x00000008010c7b80
instanceKlass  @bci org/codehaus/groovy/runtime/typehandling/NumberMathModificationInfo checkNumberOps (Ljava/lang/String;Ljava/lang/Class;)V 334 <appendix> member <vmtarget> ; # org/codehaus/groovy/runtime/typehandling/NumberMathModificationInfo$$Lambda$823+0x00000008010c7960
instanceKlass  @bci org/codehaus/groovy/runtime/typehandling/NumberMathModificationInfo checkNumberOps (Ljava/lang/String;Ljava/lang/Class;)V 634 <appendix> member <vmtarget> ; # org/codehaus/groovy/runtime/typehandling/NumberMathModificationInfo$$Lambda$822+0x00000008010c7740
instanceKlass  @bci org/codehaus/groovy/runtime/typehandling/NumberMathModificationInfo checkNumberOps (Ljava/lang/String;Ljava/lang/Class;)V 628 <appendix> member <vmtarget> ; # org/codehaus/groovy/runtime/typehandling/NumberMathModificationInfo$$Lambda$821+0x00000008010c7520
instanceKlass  @bci org/codehaus/groovy/runtime/typehandling/NumberMathModificationInfo checkNumberOps (Ljava/lang/String;Ljava/lang/Class;)V 622 <appendix> member <vmtarget> ; # org/codehaus/groovy/runtime/typehandling/NumberMathModificationInfo$$Lambda$820+0x00000008010c7300
instanceKlass  @bci org/codehaus/groovy/runtime/typehandling/NumberMathModificationInfo checkNumberOps (Ljava/lang/String;Ljava/lang/Class;)V 616 <appendix> member <vmtarget> ; # org/codehaus/groovy/runtime/typehandling/NumberMathModificationInfo$$Lambda$819+0x00000008010c70e0
instanceKlass  @bci org/codehaus/groovy/runtime/typehandling/NumberMathModificationInfo checkNumberOps (Ljava/lang/String;Ljava/lang/Class;)V 610 <appendix> member <vmtarget> ; # org/codehaus/groovy/runtime/typehandling/NumberMathModificationInfo$$Lambda$818+0x00000008010c6ec0
instanceKlass  @bci org/codehaus/groovy/runtime/typehandling/NumberMathModificationInfo checkNumberOps (Ljava/lang/String;Ljava/lang/Class;)V 604 <appendix> member <vmtarget> ; # org/codehaus/groovy/runtime/typehandling/NumberMathModificationInfo$$Lambda$817+0x00000008010c6ca0
instanceKlass  @bci org/codehaus/groovy/runtime/typehandling/NumberMathModificationInfo checkNumberOps (Ljava/lang/String;Ljava/lang/Class;)V 580 <appendix> member <vmtarget> ; # org/codehaus/groovy/runtime/typehandling/NumberMathModificationInfo$$Lambda$816+0x00000008010c6a80
instanceKlass  @bci org/codehaus/groovy/runtime/typehandling/NumberMathModificationInfo checkNumberOps (Ljava/lang/String;Ljava/lang/Class;)V 574 <appendix> member <vmtarget> ; # org/codehaus/groovy/runtime/typehandling/NumberMathModificationInfo$$Lambda$815+0x00000008010c6860
instanceKlass  @bci org/codehaus/groovy/runtime/typehandling/NumberMathModificationInfo checkNumberOps (Ljava/lang/String;Ljava/lang/Class;)V 568 <appendix> member <vmtarget> ; # org/codehaus/groovy/runtime/typehandling/NumberMathModificationInfo$$Lambda$814+0x00000008010c6640
instanceKlass  @bci org/codehaus/groovy/runtime/typehandling/NumberMathModificationInfo checkNumberOps (Ljava/lang/String;Ljava/lang/Class;)V 562 <appendix> member <vmtarget> ; # org/codehaus/groovy/runtime/typehandling/NumberMathModificationInfo$$Lambda$813+0x00000008010c6420
instanceKlass  @bci org/codehaus/groovy/runtime/typehandling/NumberMathModificationInfo checkNumberOps (Ljava/lang/String;Ljava/lang/Class;)V 556 <appendix> member <vmtarget> ; # org/codehaus/groovy/runtime/typehandling/NumberMathModificationInfo$$Lambda$812+0x00000008010c6200
instanceKlass  @bci org/codehaus/groovy/runtime/typehandling/NumberMathModificationInfo checkNumberOps (Ljava/lang/String;Ljava/lang/Class;)V 550 <appendix> member <vmtarget> ; # org/codehaus/groovy/runtime/typehandling/NumberMathModificationInfo$$Lambda$811+0x00000008010c5fe0
instanceKlass  @bci org/codehaus/groovy/runtime/typehandling/NumberMathModificationInfo checkNumberOps (Ljava/lang/String;Ljava/lang/Class;)V 256 <appendix> member <vmtarget> ; # org/codehaus/groovy/runtime/typehandling/NumberMathModificationInfo$$Lambda$810+0x00000008010c5dc0
instanceKlass  @bci org/codehaus/groovy/runtime/typehandling/NumberMathModificationInfo checkNumberOps (Ljava/lang/String;Ljava/lang/Class;)V 250 <appendix> member <vmtarget> ; # org/codehaus/groovy/runtime/typehandling/NumberMathModificationInfo$$Lambda$809+0x00000008010c5ba0
instanceKlass  @bci org/codehaus/groovy/runtime/typehandling/NumberMathModificationInfo checkNumberOps (Ljava/lang/String;Ljava/lang/Class;)V 244 <appendix> member <vmtarget> ; # org/codehaus/groovy/runtime/typehandling/NumberMathModificationInfo$$Lambda$808+0x00000008010c5980
instanceKlass  @bci org/codehaus/groovy/runtime/typehandling/NumberMathModificationInfo checkNumberOps (Ljava/lang/String;Ljava/lang/Class;)V 238 <appendix> member <vmtarget> ; # org/codehaus/groovy/runtime/typehandling/NumberMathModificationInfo$$Lambda$807+0x00000008010c5760
instanceKlass  @bci org/codehaus/groovy/runtime/typehandling/NumberMathModificationInfo checkNumberOps (Ljava/lang/String;Ljava/lang/Class;)V 232 <appendix> member <vmtarget> ; # org/codehaus/groovy/runtime/typehandling/NumberMathModificationInfo$$Lambda$806+0x00000008010c5540
instanceKlass  @bci org/codehaus/groovy/runtime/typehandling/NumberMathModificationInfo checkNumberOps (Ljava/lang/String;Ljava/lang/Class;)V 226 <appendix> member <vmtarget> ; # org/codehaus/groovy/runtime/typehandling/NumberMathModificationInfo$$Lambda$805+0x00000008010c5320
instanceKlass  @bci org/codehaus/groovy/runtime/typehandling/NumberMathModificationInfo checkNumberOps (Ljava/lang/String;Ljava/lang/Class;)V 472 <appendix> member <vmtarget> ; # org/codehaus/groovy/runtime/typehandling/NumberMathModificationInfo$$Lambda$804+0x00000008010c5100
instanceKlass  @bci org/codehaus/groovy/runtime/typehandling/NumberMathModificationInfo checkNumberOps (Ljava/lang/String;Ljava/lang/Class;)V 466 <appendix> member <vmtarget> ; # org/codehaus/groovy/runtime/typehandling/NumberMathModificationInfo$$Lambda$803+0x00000008010c4ee0
instanceKlass  @bci org/codehaus/groovy/runtime/typehandling/NumberMathModificationInfo checkNumberOps (Ljava/lang/String;Ljava/lang/Class;)V 460 <appendix> member <vmtarget> ; # org/codehaus/groovy/runtime/typehandling/NumberMathModificationInfo$$Lambda$802+0x00000008010c4cc0
instanceKlass  @bci org/codehaus/groovy/runtime/typehandling/NumberMathModificationInfo checkNumberOps (Ljava/lang/String;Ljava/lang/Class;)V 454 <appendix> member <vmtarget> ; # org/codehaus/groovy/runtime/typehandling/NumberMathModificationInfo$$Lambda$801+0x00000008010c4aa0
instanceKlass  @bci org/codehaus/groovy/runtime/typehandling/NumberMathModificationInfo checkNumberOps (Ljava/lang/String;Ljava/lang/Class;)V 448 <appendix> member <vmtarget> ; # org/codehaus/groovy/runtime/typehandling/NumberMathModificationInfo$$Lambda$800+0x00000008010c4880
instanceKlass  @bci org/codehaus/groovy/runtime/typehandling/NumberMathModificationInfo checkNumberOps (Ljava/lang/String;Ljava/lang/Class;)V 442 <appendix> member <vmtarget> ; # org/codehaus/groovy/runtime/typehandling/NumberMathModificationInfo$$Lambda$799+0x00000008010c4660
instanceKlass  @bci org/codehaus/groovy/runtime/typehandling/NumberMathModificationInfo checkNumberOps (Ljava/lang/String;Ljava/lang/Class;)V 526 <appendix> member <vmtarget> ; # org/codehaus/groovy/runtime/typehandling/NumberMathModificationInfo$$Lambda$798+0x00000008010c4440
instanceKlass  @bci org/codehaus/groovy/runtime/typehandling/NumberMathModificationInfo checkNumberOps (Ljava/lang/String;Ljava/lang/Class;)V 520 <appendix> member <vmtarget> ; # org/codehaus/groovy/runtime/typehandling/NumberMathModificationInfo$$Lambda$797+0x00000008010c4220
instanceKlass  @bci org/codehaus/groovy/runtime/typehandling/NumberMathModificationInfo checkNumberOps (Ljava/lang/String;Ljava/lang/Class;)V 514 <appendix> member <vmtarget> ; # org/codehaus/groovy/runtime/typehandling/NumberMathModificationInfo$$Lambda$796+0x00000008010c4000
instanceKlass  @bci org/codehaus/groovy/runtime/typehandling/NumberMathModificationInfo checkNumberOps (Ljava/lang/String;Ljava/lang/Class;)V 508 <appendix> member <vmtarget> ; # org/codehaus/groovy/runtime/typehandling/NumberMathModificationInfo$$Lambda$795+0x00000008010b7db0
instanceKlass  @bci org/codehaus/groovy/runtime/typehandling/NumberMathModificationInfo checkNumberOps (Ljava/lang/String;Ljava/lang/Class;)V 502 <appendix> member <vmtarget> ; # org/codehaus/groovy/runtime/typehandling/NumberMathModificationInfo$$Lambda$794+0x00000008010b7b90
instanceKlass  @bci org/codehaus/groovy/runtime/typehandling/NumberMathModificationInfo checkNumberOps (Ljava/lang/String;Ljava/lang/Class;)V 496 <appendix> member <vmtarget> ; # org/codehaus/groovy/runtime/typehandling/NumberMathModificationInfo$$Lambda$793+0x00000008010b7970
instanceKlass  @bci org/codehaus/groovy/runtime/typehandling/NumberMathModificationInfo checkNumberOps (Ljava/lang/String;Ljava/lang/Class;)V 418 <appendix> member <vmtarget> ; # org/codehaus/groovy/runtime/typehandling/NumberMathModificationInfo$$Lambda$792+0x00000008010b7750
instanceKlass  @bci org/codehaus/groovy/runtime/typehandling/NumberMathModificationInfo checkNumberOps (Ljava/lang/String;Ljava/lang/Class;)V 412 <appendix> member <vmtarget> ; # org/codehaus/groovy/runtime/typehandling/NumberMathModificationInfo$$Lambda$791+0x00000008010b7530
instanceKlass  @bci org/codehaus/groovy/runtime/typehandling/NumberMathModificationInfo checkNumberOps (Ljava/lang/String;Ljava/lang/Class;)V 406 <appendix> member <vmtarget> ; # org/codehaus/groovy/runtime/typehandling/NumberMathModificationInfo$$Lambda$790+0x00000008010b7310
instanceKlass  @bci org/codehaus/groovy/runtime/typehandling/NumberMathModificationInfo checkNumberOps (Ljava/lang/String;Ljava/lang/Class;)V 400 <appendix> member <vmtarget> ; # org/codehaus/groovy/runtime/typehandling/NumberMathModificationInfo$$Lambda$789+0x00000008010b70f0
instanceKlass  @bci org/codehaus/groovy/runtime/typehandling/NumberMathModificationInfo checkNumberOps (Ljava/lang/String;Ljava/lang/Class;)V 394 <appendix> member <vmtarget> ; # org/codehaus/groovy/runtime/typehandling/NumberMathModificationInfo$$Lambda$788+0x00000008010b6ed0
instanceKlass  @bci org/codehaus/groovy/runtime/typehandling/NumberMathModificationInfo checkNumberOps (Ljava/lang/String;Ljava/lang/Class;)V 388 <appendix> member <vmtarget> ; # org/codehaus/groovy/runtime/typehandling/NumberMathModificationInfo$$Lambda$787+0x00000008010b6cb0
instanceKlass  @bci org/codehaus/groovy/runtime/typehandling/NumberMathModificationInfo checkNumberOps (Ljava/lang/String;Ljava/lang/Class;)V 310 <appendix> member <vmtarget> ; # org/codehaus/groovy/runtime/typehandling/NumberMathModificationInfo$$Lambda$786+0x00000008010b6a90
instanceKlass  @bci org/codehaus/groovy/runtime/typehandling/NumberMathModificationInfo checkNumberOps (Ljava/lang/String;Ljava/lang/Class;)V 304 <appendix> member <vmtarget> ; # org/codehaus/groovy/runtime/typehandling/NumberMathModificationInfo$$Lambda$785+0x00000008010b6870
instanceKlass  @bci org/codehaus/groovy/runtime/typehandling/NumberMathModificationInfo checkNumberOps (Ljava/lang/String;Ljava/lang/Class;)V 298 <appendix> member <vmtarget> ; # org/codehaus/groovy/runtime/typehandling/NumberMathModificationInfo$$Lambda$784+0x00000008010b6650
instanceKlass  @bci org/codehaus/groovy/runtime/typehandling/NumberMathModificationInfo checkNumberOps (Ljava/lang/String;Ljava/lang/Class;)V 292 <appendix> member <vmtarget> ; # org/codehaus/groovy/runtime/typehandling/NumberMathModificationInfo$$Lambda$783+0x00000008010b6430
instanceKlass  @bci org/codehaus/groovy/runtime/typehandling/NumberMathModificationInfo checkNumberOps (Ljava/lang/String;Ljava/lang/Class;)V 286 <appendix> member <vmtarget> ; # org/codehaus/groovy/runtime/typehandling/NumberMathModificationInfo$$Lambda$782+0x00000008010b6210
instanceKlass  @bci org/codehaus/groovy/runtime/typehandling/NumberMathModificationInfo checkNumberOps (Ljava/lang/String;Ljava/lang/Class;)V 280 <appendix> member <vmtarget> ; # org/codehaus/groovy/runtime/typehandling/NumberMathModificationInfo$$Lambda$781+0x00000008010b5ff0
instanceKlass org/codehaus/groovy/runtime/typehandling/NumberMathModificationInfo
# instanceKlass java/lang/invoke/LambdaForm$MH+0x00000008010c1000
# instanceKlass java/lang/invoke/LambdaForm$MH+0x00000008010c0c00
# instanceKlass java/lang/invoke/LambdaForm$MH+0x00000008010c0800
# instanceKlass java/lang/invoke/LambdaForm$MH+0x00000008010c0400
# instanceKlass java/lang/invoke/LambdaForm$MH+0x00000008010c0000
# instanceKlass java/lang/invoke/LambdaForm$MH+0x00000008010bfc00
# instanceKlass java/lang/invoke/LambdaForm$MH+0x00000008010bf800
# instanceKlass java/lang/invoke/LambdaForm$MH+0x00000008010bf400
# instanceKlass java/lang/invoke/LambdaForm$MH+0x00000008010bf000
# instanceKlass java/lang/invoke/LambdaForm$MH+0x00000008010bec00
# instanceKlass java/lang/invoke/LambdaForm$MH+0x00000008010be800
# instanceKlass java/lang/invoke/LambdaForm$MH+0x00000008010be400
# instanceKlass java/lang/invoke/LambdaForm$BMH+0x00000008010be000
# instanceKlass java/lang/invoke/LambdaForm$MH+0x00000008010bdc00
# instanceKlass java/lang/invoke/LambdaForm$MH+0x00000008010bd800
# instanceKlass java/lang/invoke/LambdaForm$MH+0x00000008010bd400
# instanceKlass java/lang/invoke/LambdaForm$MH+0x00000008010bd000
instanceKlass org/thymeleaf/engine/StandardModelFactory
# instanceKlass java/lang/invoke/LambdaForm$MH+0x00000008010bb400
# instanceKlass java/lang/invoke/LambdaForm$MH+0x00000008010bb000
# instanceKlass java/lang/invoke/LambdaForm$MH+0x00000008010bac00
# instanceKlass java/lang/invoke/LambdaForm$MH+0x00000008010ba800
# instanceKlass java/lang/invoke/LambdaForm$MH+0x00000008010ba400
# instanceKlass java/lang/invoke/LambdaForm$MH+0x00000008010ba000
# instanceKlass java/lang/invoke/LambdaForm$MH+0x00000008010b9c00
# instanceKlass java/lang/invoke/LambdaForm$MH+0x00000008010b9800
# instanceKlass java/lang/invoke/LambdaForm$MH+0x00000008010b9400
# instanceKlass java/lang/invoke/LambdaForm$MH+0x00000008010b9000
# instanceKlass java/lang/invoke/LambdaForm$MH+0x00000008010b8c00
# instanceKlass java/lang/invoke/LambdaForm$MH+0x00000008010b8800
instanceKlass org/springframework/web/server/ServerWebExchange
# instanceKlass java/lang/invoke/LambdaForm$MH+0x00000008010b3c00
# instanceKlass java/lang/invoke/LambdaForm$MH+0x00000008010b3800
# instanceKlass java/lang/invoke/LambdaForm$MH+0x00000008010b3400
# instanceKlass java/lang/invoke/LambdaForm$MH+0x00000008010b3000
# instanceKlass java/lang/invoke/LambdaForm$MH+0x00000008010b2c00
# instanceKlass java/lang/invoke/LambdaForm$MH+0x00000008010b2800
# instanceKlass java/lang/invoke/LambdaForm$MH+0x00000008010b2400
# instanceKlass java/lang/invoke/LambdaForm$MH+0x00000008010b2000
# instanceKlass java/lang/invoke/LambdaForm$MH+0x00000008010b1c00
# instanceKlass java/lang/invoke/LambdaForm$MH+0x00000008010b1800
# instanceKlass java/lang/invoke/LambdaForm$MH+0x00000008010b1400
# instanceKlass java/lang/invoke/LambdaForm$MH+0x00000008010b1000
# instanceKlass java/lang/invoke/LambdaForm$MH+0x00000008010b0c00
# instanceKlass java/lang/invoke/LambdaForm$MH+0x00000008010b0800
# instanceKlass java/lang/invoke/LambdaForm$MH+0x00000008010b0400
# instanceKlass java/lang/invoke/LambdaForm$MH+0x00000008010b0000
# instanceKlass java/lang/invoke/LambdaForm$MH+0x00000008010afc00
# instanceKlass java/lang/invoke/LambdaForm$MH+0x00000008010af800
# instanceKlass java/lang/invoke/LambdaForm$MH+0x00000008010af400
# instanceKlass java/lang/invoke/LambdaForm$MH+0x00000008010af000
# instanceKlass java/lang/invoke/LambdaForm$MH+0x00000008010aec00
# instanceKlass java/lang/invoke/LambdaForm$MH+0x00000008010ae800
# instanceKlass java/lang/invoke/LambdaForm$MH+0x00000008010ae400
instanceKlass  @bci nz/net/ultraq/extensions/groovy/ObjectExtensions getOrCreate (Ljava/lang/Object;Ljava/lang/String;Lgroovy/lang/Closure;)Ljava/lang/Object; 11 <adapter> ; # java/lang/invoke/LambdaForm$MH+0x00000008010ae000
# instanceKlass java/lang/invoke/LambdaForm$MH+0x00000008010adc00
# instanceKlass java/lang/invoke/LambdaForm$DMH+0x00000008010ad800
# instanceKlass java/lang/invoke/LambdaForm$MH+0x00000008010ad400
# instanceKlass java/lang/invoke/LambdaForm$MH+0x00000008010ad000
# instanceKlass java/lang/invoke/LambdaForm$MH+0x00000008010ac400
# instanceKlass java/lang/invoke/LambdaForm$MH+0x00000008010ac000
# instanceKlass java/lang/invoke/LambdaForm$MH+0x00000008010abc00
# instanceKlass java/lang/invoke/LambdaForm$MH+0x00000008010ab800
# instanceKlass java/lang/invoke/LambdaForm$MH+0x00000008010ab400
# instanceKlass java/lang/invoke/LambdaForm$MH+0x00000008010ab000
# instanceKlass java/lang/invoke/LambdaForm$MH+0x00000008010aac00
instanceKlass java/lang/invoke/MethodHandleImpl$Makers$2
instanceKlass java/lang/invoke/MethodHandleImpl$Makers$1
instanceKlass java/lang/invoke/MethodHandleImpl$Makers
# instanceKlass java/lang/invoke/LambdaForm$MH+0x00000008010aa800
# instanceKlass java/lang/invoke/LambdaForm$DMH+0x00000008010aa400
# instanceKlass java/lang/invoke/LambdaForm$DMH+0x00000008010aa000
# instanceKlass java/lang/invoke/LambdaForm$MH+0x00000008010a9c00
# instanceKlass java/lang/invoke/LambdaForm$MH+0x00000008010a9800
# instanceKlass java/lang/invoke/LambdaForm$MH+0x00000008010a9400
instanceKlass java/util/AbstractList$SubList$1
# instanceKlass java/lang/invoke/LambdaForm$DMH+0x00000008010a9000
# instanceKlass java/lang/invoke/LambdaForm$MH+0x00000008010a8c00
# instanceKlass java/lang/invoke/LambdaForm$BMH+0x00000008010a8800
# instanceKlass java/lang/invoke/LambdaForm$DMH+0x00000008010a8400
# instanceKlass java/lang/invoke/LambdaForm$DMH+0x00000008010a8000
# instanceKlass java/lang/invoke/LambdaForm$DMH+0x00000008010a5c00
# instanceKlass java/lang/invoke/LambdaForm$DMH+0x00000008010a5800
# instanceKlass java/lang/invoke/LambdaForm$DMH+0x00000008010a5400
instanceKlass org/codehaus/groovy/vmplugin/v8/IndyGuardsFiltersAndSignatures
instanceKlass org/codehaus/groovy/vmplugin/v8/TypeHelper
instanceKlass org/codehaus/groovy/vmplugin/v8/Selector$1
instanceKlass org/codehaus/groovy/vmplugin/v8/Selector
instanceKlass  @bci org/codehaus/groovy/vmplugin/v8/CacheableCallSite getAndPut (Ljava/lang/String;Lorg/codehaus/groovy/runtime/memoize/MemoizeCache$ValueProvider;)Lorg/codehaus/groovy/vmplugin/v8/MethodHandleWrapper; 19 <appendix> member <vmtarget> ; # org/codehaus/groovy/vmplugin/v8/CacheableCallSite$$Lambda$780+0x00000008010a6618
instanceKlass  @bci org/codehaus/groovy/vmplugin/v8/IndyInterface lambda$fromCache$2 (Lorg/codehaus/groovy/vmplugin/v8/IndyInterface$FallbackSupplier;Lorg/codehaus/groovy/vmplugin/v8/CacheableCallSite;Ljava/lang/Object;)Lorg/codehaus/groovy/vmplugin/v8/MethodHandleWrapper; 9 <appendix> member <vmtarget> ; # org/codehaus/groovy/vmplugin/v8/IndyInterface$$Lambda$779+0x00000008010a6408
instanceKlass org/codehaus/groovy/runtime/memoize/MemoizeCache$ValueProvider
instanceKlass  @bci org/codehaus/groovy/vmplugin/v8/IndyInterface fromCache (Ljava/lang/invoke/MutableCallSite;Ljava/lang/Class;Ljava/lang/String;ILjava/lang/Boolean;Ljava/lang/Boolean;Ljava/lang/Boolean;Ljava/lang/Object;[Ljava/lang/Object;)Ljava/lang/Object; 28 <appendix> member <vmtarget> ; # org/codehaus/groovy/vmplugin/v8/IndyInterface$$Lambda$778+0x00000008010a6000
instanceKlass org/codehaus/groovy/vmplugin/v8/IndyInterface$FallbackSupplier
# instanceKlass java/lang/invoke/LambdaForm$MH+0x00000008010a5000
# instanceKlass java/lang/invoke/LambdaForm$DMH+0x00000008010a4c00
# instanceKlass java/lang/invoke/LambdaForm$MH+0x00000008010a4800
# instanceKlass java/lang/invoke/LambdaForm$DMH+0x00000008010a4400
# instanceKlass java/lang/invoke/LambdaForm$MH+0x00000008010a4000
# instanceKlass java/lang/invoke/LambdaForm$DMH+0x00000008010a3c00
# instanceKlass java/lang/invoke/LambdaForm$MH+0x00000008010a3800
# instanceKlass java/lang/invoke/LambdaForm$DMH+0x00000008010a3400
# instanceKlass java/lang/invoke/LambdaForm$MH+0x00000008010a3000
# instanceKlass java/lang/invoke/LambdaForm$DMH+0x00000008010a2c00
# instanceKlass java/lang/invoke/LambdaForm$MH+0x00000008010a2800
# instanceKlass java/lang/invoke/LambdaForm$DMH+0x00000008010a2400
# instanceKlass java/lang/invoke/LambdaForm$MH+0x00000008010a2000
# instanceKlass java/lang/invoke/LambdaForm$MH+0x00000008010a1c00
# instanceKlass java/lang/invoke/LambdaForm$MH+0x00000008010a1800
# instanceKlass java/lang/invoke/LambdaForm$BMH+0x00000008010a1400
# instanceKlass java/lang/invoke/LambdaForm$DMH+0x00000008010a1000
# instanceKlass java/lang/invoke/LambdaForm$MH+0x00000008010a0c00
# instanceKlass java/lang/invoke/LambdaForm$MH+0x00000008010a0800
instanceKlass java/lang/StrictMath
instanceKlass  @bci org/codehaus/groovy/vmplugin/v8/IndyInterface$CallType <clinit> ()V 87 <appendix> argL0 ; # org/codehaus/groovy/vmplugin/v8/IndyInterface$CallType$$Lambda$777+0x000000080109b668
instanceKlass java/lang/invoke/DirectMethodHandle$1
instanceKlass  @bci org/codehaus/groovy/vmplugin/v8/IndyInterface <clinit> ()V 274 <appendix> argL0 ; # org/codehaus/groovy/vmplugin/v8/IndyInterface$$Lambda$776+0x000000080109b050
# instanceKlass java/lang/invoke/LambdaForm$MH+0x00000008010a0400
# instanceKlass java/lang/invoke/LambdaForm$MH+0x00000008010a0000
# instanceKlass java/lang/invoke/LambdaForm$MH+0x000000080109fc00
# instanceKlass java/lang/invoke/LambdaForm$MH+0x000000080109f800
instanceKlass java/lang/invoke/SwitchPoint
# instanceKlass java/lang/invoke/LambdaForm$DMH+0x000000080109f400
# instanceKlass java/lang/invoke/LambdaForm$DMH+0x000000080109f000
instanceKlass org/codehaus/groovy/vmplugin/v8/MethodHandleWrapper
# instanceKlass java/lang/invoke/LambdaForm$MH+0x000000080109ec00
# instanceKlass java/lang/invoke/LambdaForm$MH+0x000000080109e800
# instanceKlass java/lang/invoke/LambdaForm$BMH+0x000000080109e400
# instanceKlass java/lang/invoke/LambdaForm$DMH+0x000000080109e000
instanceKlass  @bci nz/net/ultraq/thymeleaf/expressionprocessor/ExpressionProcessor <clinit> ()V 4 <bsm> form vmentry <vmtarget> ; # java/lang/invoke/LambdaForm$DMH+0x000000080109dc00
instanceKlass org/codehaus/groovy/vmplugin/v8/IndyInterface
# instanceKlass java/lang/invoke/LambdaForm$MH+0x000000080109d800
# instanceKlass java/lang/invoke/LambdaForm$MH+0x000000080109d400
# instanceKlass java/lang/invoke/LambdaForm$MH+0x000000080109d000
instanceKlass  @bci org/codehaus/groovy/runtime/metaclass/ClosureMetaClass assignMethodChooser ()V 37 <appendix> member <vmtarget> ; # org/codehaus/groovy/runtime/metaclass/ClosureMetaClass$$Lambda$775+0x000000080109a5a0
instanceKlass jdk/internal/vm/annotation/ForceInline
instanceKlass org/thymeleaf/standard/expression/IStandardVariableExpression
# instanceKlass java/lang/invoke/LambdaForm$MH+0x000000080109cc00
# instanceKlass java/lang/invoke/LambdaForm$MH+0x000000080109c800
# instanceKlass java/lang/invoke/LambdaForm$MH+0x000000080109c400
# instanceKlass java/lang/invoke/LambdaForm$MH+0x000000080109c000
instanceKlass  @bci org/codehaus/groovy/vmplugin/v9/Java9 concealedPackageList (Ljava/lang/Module;)Ljava/util/Set; 7 <appendix> argL0 ; # org/codehaus/groovy/vmplugin/v9/Java9$$Lambda$774+0x0000000801099848
instanceKlass java/lang/invoke/SerializedLambda
instanceKlass  @bci org/codehaus/groovy/ast/ClassNode <init> (Ljava/lang/String;ILorg/codehaus/groovy/ast/ClassNode;[Lorg/codehaus/groovy/ast/ClassNode;[Lorg/codehaus/groovy/ast/MixinNode;)V 82 <appendix> argL0 ; # org/codehaus/groovy/ast/ClassNode$$Lambda$773+0x0000000801099610
instanceKlass org/codehaus/groovy/ast/ClassNode$MapOfLists
instanceKlass org/codehaus/groovy/util/AbstractConcurrentMap$Entry
instanceKlass org/codehaus/groovy/util/AbstractConcurrentMapBase$Entry
instanceKlass org/codehaus/groovy/ast/ClassHelper$ClassHelperCache
instanceKlass org/codehaus/groovy/runtime/GeneratedLambda
instanceKlass org/codehaus/groovy/ast/ClassHelper
instanceKlass org/codehaus/groovy/classgen/asm/util/TypeUtil
# instanceKlass java/lang/invoke/LambdaForm$MH+0x0000000801090c00
# instanceKlass java/lang/invoke/LambdaForm$MH+0x0000000801090800
# instanceKlass java/lang/invoke/LambdaForm$MH+0x0000000801090400
# instanceKlass java/lang/invoke/LambdaForm$MH+0x0000000801090000
instanceKlass org/codehaus/groovy/syntax/Types
instanceKlass org/codehaus/groovy/syntax/CSTNode
instanceKlass org/codehaus/groovy/ast/tools/GeneralUtils
instanceKlass org/codehaus/groovy/runtime/callsite/BooleanReturningMethodInvoker
instanceKlass nz/net/ultraq/thymeleaf/layoutdialect/models/extensions/EventIterator
# instanceKlass java/lang/invoke/LambdaForm$MH+0x000000080108c400
# instanceKlass java/lang/invoke/LambdaForm$MH+0x000000080108c000
# instanceKlass java/lang/invoke/LambdaForm$MH+0x000000080108bc00
# instanceKlass java/lang/invoke/LambdaForm$MH+0x000000080108b800
# instanceKlass java/lang/invoke/LambdaForm$MH+0x000000080108b400
# instanceKlass java/lang/invoke/LambdaForm$MH+0x000000080108b000
# instanceKlass java/lang/invoke/LambdaForm$MH+0x000000080108ac00
instanceKlass  @bci org/codehaus/groovy/runtime/metaclass/ClosureMetaClass assignMethodChooser ()V 66 <appendix> member <vmtarget> ; # org/codehaus/groovy/runtime/metaclass/ClosureMetaClass$$Lambda$772+0x0000000801086900
instanceKlass org/codehaus/groovy/runtime/metaclass/ClosureMetaClass$MethodChooser
instanceKlass org/codehaus/groovy/runtime/callsite/BooleanClosureWrapper
instanceKlass  @bci com/sun/beans/finder/MethodFinder findAccessibleMethod (Ljava/lang/reflect/Method;Ljava/lang/reflect/Type;)Ljava/lang/reflect/Method; 179 <appendix> form vmentry <vmtarget> ; # java/lang/invoke/LambdaForm$MH+0x000000080108a800
# instanceKlass java/lang/invoke/LambdaForm$MH+0x000000080108a400
# instanceKlass java/lang/invoke/LambdaForm$MH+0x000000080108a000
# instanceKlass java/lang/invoke/LambdaForm$MH+0x0000000801089c00
# instanceKlass java/lang/invoke/LambdaForm$MH+0x0000000801089800
instanceKlass com/sun/beans/finder/FinderUtils
instanceKlass com/sun/beans/finder/AbstractFinder
instanceKlass org/thymeleaf/engine/TemplateFlowController
instanceKlass org/thymeleaf/engine/ThrottledTemplateProcessor
instanceKlass org/codehaus/groovy/runtime/metaclass/DefaultMetaClassInfo$ConstantMetaClassVersioning
instanceKlass org/codehaus/groovy/runtime/metaclass/DefaultMetaClassInfo
instanceKlass org/codehaus/groovy/runtime/BytecodeInterface8
instanceKlass groovy/lang/GroovyInterceptable
instanceKlass sun/reflect/generics/tree/BooleanSignature
instanceKlass org/thymeleaf/standard/expression/Expression
instanceKlass org/thymeleaf/engine/TemplateModel
instanceKlass nz/net/ultraq/thymeleaf/layoutdialect/models/TemplateModelFinder
instanceKlass org/unbescape/html/HtmlEscape
instanceKlass org/thymeleaf/util/EscapedAttributeUtils$1
instanceKlass org/thymeleaf/util/EscapedAttributeUtils
instanceKlass org/attoparser/ParsingCommentMarkupUtil
instanceKlass org/thymeleaf/engine/Model
instanceKlass org/thymeleaf/engine/ElementProcessorIterator
instanceKlass org/thymeleaf/engine/ProcessorExecutionVars
instanceKlass org/thymeleaf/engine/Attributes
instanceKlass org/thymeleaf/engine/ElementDefinitions$1
instanceKlass org/thymeleaf/engine/Attribute
instanceKlass org/attoparser/ParsingAttributeSequenceUtil
instanceKlass org/attoparser/HtmlNames
instanceKlass org/attoparser/MarkupEventProcessorHandler$StandardNamesRepository
instanceKlass org/attoparser/util/TextUtil
instanceKlass org/attoparser/HtmlElements$HtmlElementRepository$ElementComparator
instanceKlass org/attoparser/HtmlElements$HtmlElementRepository
instanceKlass org/attoparser/HtmlElement
instanceKlass org/attoparser/HtmlElements
instanceKlass org/attoparser/ParsingLocatorUtil
instanceKlass org/attoparser/ParsingElementMarkupUtil
instanceKlass org/attoparser/ParsingMarkupUtil
instanceKlass org/thymeleaf/standard/inline/AbstractStandardInliner
instanceKlass org/thymeleaf/standard/processor/StandardInlineEnablementTemplateBoundariesProcessor$1
instanceKlass org/attoparser/select/ParseSelection
instanceKlass org/attoparser/ParseStatus
instanceKlass org/attoparser/MarkupEventProcessorHandler$StructureNamesRepository
instanceKlass org/thymeleaf/templateparser/markup/InlinedOutputExpressionMarkupHandler$InlineMarkupAdapterPreProcessorHandler
instanceKlass org/thymeleaf/standard/inline/OutputExpressionInlinePreProcessorHandler
instanceKlass org/thymeleaf/standard/inline/IInlinePreProcessorHandler
instanceKlass org/thymeleaf/model/ITemplateEnd
instanceKlass org/thymeleaf/model/ITemplateStart
instanceKlass org/attoparser/AbstractMarkupHandler
instanceKlass org/thymeleaf/engine/TemplateManager$1
instanceKlass org/thymeleaf/engine/AbstractTemplateHandler
instanceKlass org/thymeleaf/engine/DecreaseContextLevelProcessable
instanceKlass org/thymeleaf/engine/AbstractGatheringModelProcessable
instanceKlass org/thymeleaf/engine/IGatheringModelProcessable
instanceKlass org/thymeleaf/engine/TemplateModelController
instanceKlass org/thymeleaf/engine/XMLDeclarationStructureHandler
instanceKlass org/thymeleaf/engine/TextStructureHandler
instanceKlass org/thymeleaf/engine/ProcessingInstructionStructureHandler
instanceKlass org/thymeleaf/engine/DocTypeStructureHandler
instanceKlass org/thymeleaf/engine/CommentStructureHandler
instanceKlass org/thymeleaf/engine/CDATASectionStructureHandler
instanceKlass org/thymeleaf/engine/TemplateBoundariesStructureHandler
instanceKlass org/thymeleaf/engine/ElementModelStructureHandler
instanceKlass org/thymeleaf/engine/ElementTagStructureHandler
instanceKlass org/thymeleaf/processor/comment/ICommentStructureHandler
instanceKlass org/thymeleaf/processor/text/ITextStructureHandler
instanceKlass org/thymeleaf/processor/cdatasection/ICDATASectionStructureHandler
instanceKlass org/thymeleaf/processor/doctype/IDocTypeStructureHandler
instanceKlass org/thymeleaf/processor/processinginstruction/IProcessingInstructionStructureHandler
instanceKlass org/thymeleaf/engine/IEngineTemplateEvent
instanceKlass org/thymeleaf/engine/AbstractTemplateEvent
instanceKlass org/thymeleaf/processor/templateboundaries/ITemplateBoundariesStructureHandler
instanceKlass org/thymeleaf/engine/IEngineProcessable
instanceKlass org/thymeleaf/processor/xmldeclaration/IXMLDeclarationStructureHandler
instanceKlass org/thymeleaf/engine/ProcessorTemplateHandler
instanceKlass org/thymeleaf/context/WebEngineContext$NoOpMapImpl
instanceKlass org/thymeleaf/context/WebEngineContext$RequestAttributesVariablesMap$SelectionTarget
instanceKlass org/thymeleaf/context/AbstractEngineContext
instanceKlass org/thymeleaf/engine/EngineContextManager
instanceKlass org/thymeleaf/cache/NonCacheableCacheEntryValidity
instanceKlass org/thymeleaf/spring5/templateresource/SpringResourceTemplateResource
instanceKlass org/thymeleaf/cache/TemplateCacheKey
instanceKlass org/apache/tomcat/util/buf/C2BConverter
instanceKlass org/apache/tomcat/util/http/parser/MediaType
instanceKlass org/thymeleaf/util/ContentTypeUtils$ContentType
instanceKlass org/thymeleaf/util/ContentTypeUtils
instanceKlass org/thymeleaf/spring5/util/SpringContentTypeUtils
instanceKlass org/thymeleaf/context/AbstractContext
instanceKlass org/thymeleaf/context/IWebContext
instanceKlass org/thymeleaf/Thymeleaf
instanceKlass org/thymeleaf/ConfigurationPrinterHelper$ConfigLogBuilder
instanceKlass org/thymeleaf/ConfigurationPrinterHelper
instanceKlass org/thymeleaf/templateparser/raw/RawParser$BufferPool
instanceKlass org/thymeleaf/templateparser/raw/RawParser
instanceKlass org/thymeleaf/templateparser/raw/IRawHandler
instanceKlass org/thymeleaf/templateparser/raw/RawTemplateParser
instanceKlass org/thymeleaf/templateparser/text/TextParser$BufferPool
instanceKlass org/thymeleaf/templateparser/text/TextParser
instanceKlass org/thymeleaf/templateparser/text/ITextHandler
instanceKlass org/thymeleaf/templateparser/text/AbstractTextTemplateParser
instanceKlass org/attoparser/MarkupParser$BufferPool
instanceKlass org/attoparser/MarkupParser
instanceKlass org/attoparser/config/ParseConfiguration$PrologParseConfiguration
instanceKlass org/attoparser/config/ParseConfiguration
instanceKlass org/attoparser/select/IMarkupSelectorReferenceResolver
instanceKlass org/attoparser/IMarkupHandler
instanceKlass org/attoparser/IProcessingInstructionHandler
instanceKlass org/attoparser/IElementHandler
instanceKlass org/attoparser/IAttributeSequenceHandler
instanceKlass org/attoparser/ITextHandler
instanceKlass org/attoparser/ICommentHandler
instanceKlass org/attoparser/ICDATASectionHandler
instanceKlass org/attoparser/IDocTypeHandler
instanceKlass org/attoparser/IXMLDeclarationHandler
instanceKlass org/attoparser/IDocumentHandler
instanceKlass org/attoparser/IMarkupParser
instanceKlass org/thymeleaf/templateparser/markup/AbstractMarkupTemplateParser
instanceKlass org/thymeleaf/cache/StandardCache$CacheDataContainer
instanceKlass org/thymeleaf/cache/StandardCache
instanceKlass org/thymeleaf/engine/ISSEThrottledTemplateWriterControl
instanceKlass org/thymeleaf/engine/IThrottledTemplateWriterControl
instanceKlass org/thymeleaf/engine/ITemplateHandler
instanceKlass org/thymeleaf/templateparser/ITemplateParser
instanceKlass org/thymeleaf/engine/TemplateManager
instanceKlass org/thymeleaf/engine/AttributeDefinitions$1
instanceKlass org/thymeleaf/engine/AttributeDefinitions$AttributeDefinitionRepository
instanceKlass org/thymeleaf/engine/AttributeDefinitions
instanceKlass org/thymeleaf/engine/ElementDefinitions$ElementDefinitionRepository
instanceKlass org/thymeleaf/engine/ElementDefinitions$HTMLElementDefinitionSpec
instanceKlass org/thymeleaf/engine/ElementDefinitions
instanceKlass java/util/EnumMap$EntryIterator$Entry
instanceKlass org/codehaus/groovy/runtime/ScriptBytecodeAdapter
# instanceKlass java/lang/invoke/LambdaForm$MH+0x0000000801065c00
# instanceKlass java/lang/invoke/LambdaForm$MH+0x0000000801065800
# instanceKlass java/lang/invoke/LambdaForm$MH+0x0000000801065400
# instanceKlass java/lang/invoke/LambdaForm$MH+0x0000000801065000
# instanceKlass java/lang/invoke/LambdaForm$MH+0x0000000801064c00
# instanceKlass java/lang/invoke/LambdaForm$MH+0x0000000801064800
instanceKlass  @bci org/codehaus/groovy/reflection/ClassLoaderForClassArtifacts defineClassAndGetConstructor (Ljava/lang/String;[B)Ljava/lang/reflect/Constructor; 3 <appendix> member <vmtarget> ; # org/codehaus/groovy/reflection/ClassLoaderForClassArtifacts$$Lambda$771+0x0000000801060bc8
instanceKlass groovyjarjarasm/asm/Attribute
instanceKlass groovyjarjarasm/asm/Handler
instanceKlass org/slf4j/Marker
instanceKlass org/codehaus/groovy/classgen/asm/BytecodeHelper
instanceKlass groovyjarjarasm/asm/Edge
instanceKlass groovyjarjarasm/asm/Label
instanceKlass groovyjarjarasm/asm/Type
instanceKlass groovyjarjarasm/asm/Frame
instanceKlass  @bci org/codehaus/groovy/reflection/CachedClass$5 initValue ()Lorg/codehaus/groovy/runtime/callsite/CallSiteClassLoader; 1 <appendix> member <vmtarget> ; # org/codehaus/groovy/reflection/CachedClass$5$$Lambda$770+0x000000080105b1e0
instanceKlass groovyjarjarasm/asm/ByteVector
instanceKlass groovyjarjarasm/asm/Symbol
instanceKlass groovyjarjarasm/asm/SymbolTable
instanceKlass groovyjarjarasm/asm/FieldVisitor
instanceKlass groovyjarjarasm/asm/MethodVisitor
instanceKlass groovyjarjarasm/asm/AnnotationVisitor
instanceKlass groovyjarjarasm/asm/ModuleVisitor
instanceKlass groovyjarjarasm/asm/RecordComponentVisitor
instanceKlass org/codehaus/groovy/classgen/GeneratorContext
instanceKlass org/codehaus/groovy/reflection/android/AndroidSupport
instanceKlass  @bci org/codehaus/groovy/runtime/callsite/GroovySunClassLoader <clinit> ()V 31 <appendix> argL0 ; # org/codehaus/groovy/runtime/callsite/GroovySunClassLoader$$Lambda$769+0x000000080105df78
instanceKlass  @bci org/codehaus/groovy/reflection/SunClassLoader <clinit> ()V 0 <appendix> argL0 ; # org/codehaus/groovy/reflection/SunClassLoader$$Lambda$768+0x000000080105dd70
instanceKlass org/codehaus/groovy/runtime/callsite/CallSiteGenerator
instanceKlass org/codehaus/groovy/runtime/metaclass/MetaMethodIndex$CacheEntry
instanceKlass org/slf4j/event/SubstituteLoggingEvent
instanceKlass  @bci org/codehaus/groovy/runtime/callsite/CallSiteArray createCallStaticSite (Lorg/codehaus/groovy/runtime/callsite/CallSite;Ljava/lang/Class;[Ljava/lang/Object;)Lorg/codehaus/groovy/runtime/callsite/CallSite; 1 <appendix> member <vmtarget> ; # org/codehaus/groovy/runtime/callsite/CallSiteArray$$Lambda$767+0x0000000801057dd0
# instanceKlass java/lang/invoke/LambdaForm$MH+0x0000000801059c00
# instanceKlass java/lang/invoke/LambdaForm$MH+0x0000000801059800
# instanceKlass java/lang/invoke/LambdaForm$MH+0x0000000801059400
# instanceKlass java/lang/invoke/LambdaForm$MH+0x0000000801059000
# instanceKlass java/lang/invoke/LambdaForm$MH+0x0000000801058c00
# instanceKlass java/lang/invoke/LambdaForm$BMH+0x0000000801058800
# instanceKlass java/lang/invoke/LambdaForm$DMH+0x0000000801058400
# instanceKlass java/lang/invoke/LambdaForm$DMH+0x0000000801058000
instanceKlass org/thymeleaf/processor/element/IElementModelProcessor
instanceKlass org/codehaus/groovy/runtime/wrappers/Wrapper
instanceKlass org/thymeleaf/processor/element/IElementTagStructureHandler
instanceKlass org/codehaus/groovy/runtime/ArrayUtil
instanceKlass  @bci java/lang/reflect/Executable typeVarBounds (Ljava/lang/reflect/TypeVariable;)Ljava/lang/String; 58 <appendix> argL0 ; # java/lang/reflect/Executable$$Lambda$766+0x0000000800f5f7b0
instanceKlass  @bci java/lang/reflect/Executable sharedToGenericString (IZ)Ljava/lang/String; 33 <appendix> argL0 ; # java/lang/reflect/Executable$$Lambda$765+0x0000000800f5f588
instanceKlass org/thymeleaf/dialect/IPostProcessorDialect
instanceKlass org/thymeleaf/dialect/IPreProcessorDialect
instanceKlass org/thymeleaf/spring5/expression/Mvc$MethodArgumentBuilderWrapper
instanceKlass org/thymeleaf/spring5/expression/Mvc$Spring41MvcUriComponentsBuilderDelegate
instanceKlass org/thymeleaf/spring5/expression/Mvc$MvcUriComponentsBuilderDelegate
instanceKlass org/thymeleaf/spring5/expression/Mvc
instanceKlass org/thymeleaf/expression/Aggregates
instanceKlass org/thymeleaf/expression/Maps
instanceKlass org/thymeleaf/expression/Sets
instanceKlass org/thymeleaf/expression/Lists
instanceKlass org/thymeleaf/expression/Arrays
instanceKlass org/thymeleaf/expression/Objects
instanceKlass org/thymeleaf/expression/Bools
instanceKlass org/thymeleaf/expression/Uris
instanceKlass org/thymeleaf/standard/expression/StandardExpressionObjectFactory
instanceKlass org/thymeleaf/standard/serializer/StandardCSSSerializer
instanceKlass org/thymeleaf/standard/serializer/StandardJavaScriptSerializer$JacksonStandardJavaScriptSerializer
instanceKlass org/thymeleaf/standard/serializer/StandardJavaScriptSerializer
instanceKlass org/thymeleaf/standard/expression/AbstractStandardConversionService
instanceKlass org/thymeleaf/standard/expression/IStandardExpression
instanceKlass org/thymeleaf/standard/expression/StandardExpressionParser
instanceKlass org/thymeleaf/spring5/expression/SPELVariableExpressionEvaluator
instanceKlass org/thymeleaf/util/ProcessorComparators$PostProcessorPrecedenceComparator
instanceKlass org/thymeleaf/util/ProcessorComparators$PreProcessorPrecedenceComparator
instanceKlass org/thymeleaf/util/ProcessorComparators$ProcessorPrecedenceComparator
instanceKlass org/thymeleaf/util/ProcessorComparators
instanceKlass org/thymeleaf/util/ProcessorConfigurationUtils$AbstractProcessorWrapper
instanceKlass org/thymeleaf/engine/IElementDefinitionsAware
instanceKlass org/thymeleaf/processor/processinginstruction/IProcessingInstructionProcessor
instanceKlass org/thymeleaf/postprocessor/IPostProcessor
instanceKlass org/thymeleaf/processor/xmldeclaration/IXMLDeclarationProcessor
instanceKlass org/thymeleaf/preprocessor/IPreProcessor
instanceKlass org/thymeleaf/util/ProcessorConfigurationUtils
instanceKlass org/thymeleaf/processor/templateboundaries/ITemplateBoundariesProcessor
instanceKlass org/thymeleaf/processor/comment/ICommentProcessor
instanceKlass org/thymeleaf/processor/doctype/IDocTypeProcessor
instanceKlass org/thymeleaf/processor/cdatasection/ICDATASectionProcessor
instanceKlass org/thymeleaf/processor/text/ITextProcessor
instanceKlass org/thymeleaf/processor/element/MatchingElementName
instanceKlass org/thymeleaf/engine/ElementNames$ElementNamesRepository
instanceKlass org/thymeleaf/engine/ElementName
instanceKlass org/thymeleaf/engine/ElementNames
instanceKlass org/thymeleaf/util/StringUtils
instanceKlass org/thymeleaf/processor/element/MatchingAttributeName
instanceKlass org/thymeleaf/util/TextUtils
instanceKlass org/thymeleaf/engine/AttributeNames$AttributeNamesRepository
instanceKlass org/thymeleaf/engine/AttributeNames
instanceKlass org/thymeleaf/standard/expression/StandardExpressionExecutionContext
instanceKlass org/thymeleaf/processor/AbstractProcessor
instanceKlass org/thymeleaf/processor/element/IElementTagProcessor
instanceKlass org/thymeleaf/processor/element/IElementProcessor
instanceKlass org/thymeleaf/engine/IAttributeDefinitionsAware
instanceKlass org/thymeleaf/DialectSetConfiguration$AggregateExpressionObjectFactory
instanceKlass org/thymeleaf/DialectSetConfiguration
instanceKlass org/thymeleaf/EngineConfiguration$LinkBuilderComparator
instanceKlass org/thymeleaf/EngineConfiguration$MessageResolverComparator
instanceKlass org/thymeleaf/EngineConfiguration$TemplateResolverComparator
instanceKlass org/thymeleaf/EngineConfiguration
instanceKlass org/thymeleaf/spring5/expression/SPELContextPropertyAccessor
instanceKlass  @bci org/springframework/expression/spel/support/StandardTypeConverter <init> (Lorg/springframework/core/convert/ConversionService;)V 12 <appendix> member <vmtarget> ; # org/springframework/expression/spel/support/StandardTypeConverter$$Lambda$764+0x000000080103bbb8
instanceKlass org/springframework/expression/MethodExecutor
instanceKlass org/springframework/expression/spel/support/ReflectiveMethodResolver
instanceKlass org/springframework/expression/MethodResolver
instanceKlass org/thymeleaf/spring5/expression/ThymeleafEvaluationContext$ThymeleafEvaluationContextACLTypeLocator
instanceKlass org/thymeleaf/spring5/expression/IThymeleafEvaluationContext
instanceKlass org/thymeleaf/spring5/context/webmvc/SpringWebMvcThymeleafRequestDataValueProcessor
instanceKlass org/thymeleaf/spring5/context/IThymeleafRequestDataValueProcessor
instanceKlass org/thymeleaf/spring5/context/webmvc/SpringWebMvcThymeleafRequestContext
instanceKlass org/thymeleaf/spring5/context/IThymeleafRequestContext
instanceKlass  @bci org/springframework/web/servlet/view/AbstractView setAttributesMap (Ljava/util/Map;)V 6 <appendix> member <vmtarget> ; # org/springframework/web/servlet/view/AbstractView$$Lambda$763+0x000000080103ee88
instanceKlass org/springframework/web/servlet/support/RequestContext
instanceKlass  @bci org/springframework/web/accept/ContentNegotiationManager resolveFileExtensions (Lorg/springframework/http/MediaType;)Ljava/util/List; 2 <appendix> member <vmtarget> ; # org/springframework/web/accept/ContentNegotiationManager$$Lambda$762+0x000000080103e8f8
instanceKlass  @bci org/springframework/web/method/annotation/SessionAttributesHandler storeAttributes (Lorg/springframework/web/context/request/WebRequest;Ljava/util/Map;)V 3 <appendix> member <vmtarget> ; # org/springframework/web/method/annotation/SessionAttributesHandler$$Lambda$761+0x000000080103e6d8
instanceKlass org/springframework/util/PatternMatchUtils
instanceKlass org/springframework/web/bind/annotation/ResponseBody
instanceKlass org/springframework/web/context/request/async/WebAsyncTask
instanceKlass org/springframework/web/context/request/async/DeferredResult
instanceKlass org/springframework/web/servlet/mvc/method/annotation/StreamingResponseBody
instanceKlass org/springframework/http/HttpEntity
instanceKlass org/springframework/web/method/support/AsyncHandlerMethodReturnValueHandler
instanceKlass  @bci com/theme/starterkit/libs/KTTheme lambda$printHtmlAttributes$0 (Ljava/util/List;Ljava/lang/String;Ljava/lang/String;)V 2 <appendix> form vmentry <vmtarget> ; # java/lang/invoke/LambdaForm$MH+0x000000080103a400
# instanceKlass java/lang/invoke/LambdaForm$MH+0x000000080103a000
# instanceKlass java/lang/invoke/LambdaForm$MH+0x0000000801039c00
# instanceKlass java/lang/invoke/LambdaForm$MH+0x0000000801039800
# instanceKlass java/lang/invoke/LambdaForm$MH+0x0000000801039400
# instanceKlass java/lang/invoke/LambdaForm$MH+0x0000000801039000
# instanceKlass java/lang/invoke/LambdaForm$MH+0x0000000801038c00
instanceKlass  @bci org/springframework/web/context/request/async/WebAsyncManager setAsyncWebRequest (Lorg/springframework/web/context/request/async/AsyncWebRequest;)V 16 <appendix> member <vmtarget> ; # org/springframework/web/context/request/async/WebAsyncManager$$Lambda$760+0x000000080103d470
instanceKlass com/theme/starterkit/libs/KTBootstrap
instanceKlass org/springframework/cglib/reflect/FastClassEmitter$2
instanceKlass org/springframework/aop/framework/InterceptorAndDynamicMethodMatcher
instanceKlass org/springframework/aop/framework/ReflectiveMethodInvocation
instanceKlass org/springframework/aop/ProxyMethodInvocation
instanceKlass org/aopalliance/intercept/MethodInvocation
instanceKlass org/aopalliance/intercept/Invocation
instanceKlass org/aopalliance/intercept/Joinpoint
# instanceKlass java/lang/invoke/LambdaForm$MH+0x0000000801038800
# instanceKlass java/lang/invoke/LambdaForm$MH+0x0000000801038400
instanceKlass  @bci org/springframework/ui/ModelMap mergeAttributes (Ljava/util/Map;)Lorg/springframework/ui/ModelMap; 6 <appendix> member <vmtarget> ; # org/springframework/ui/ModelMap$$Lambda$759+0x0000000801037918
instanceKlass org/springframework/web/servlet/support/RequestContextUtils
instanceKlass org/springframework/web/bind/support/SimpleSessionStatus
instanceKlass org/springframework/web/bind/support/SessionStatus
instanceKlass org/springframework/web/method/annotation/ModelFactory$ModelMethod
instanceKlass  @bci org/springframework/web/servlet/mvc/method/annotation/RequestMappingHandlerAdapter getModelFactory (Lorg/springframework/web/method/HandlerMethod;Lorg/springframework/web/bind/support/WebDataBinderFactory;)Lorg/springframework/web/method/annotation/ModelFactory; 76 <appendix> member <vmtarget> ; # org/springframework/web/servlet/mvc/method/annotation/RequestMappingHandlerAdapter$$Lambda$758+0x00000008010361e8
